{"level":"info","message":"Servidor rodando na porta 3000"}
{"level":"info","message":"Servidor rodando na porta 4000 em ambiente development","timestamp":"2025-04-20T15:30:54.231Z"}
{"level":"info","message":"CORS configurado para origem: http://localhost:3000,http://localhost:4000,http://127.0.0.1:5500","timestamp":"2025-04-20T15:30:54.242Z"}
{"address":"::","code":"EADDRINUSE","errno":-4091,"level":"error","message":"Uncaught Exception: listen EADDRINUSE: address already in use :::4000","port":4000,"stack":"Error: listen EADDRINUSE: address already in use :::4000\n    at Server.setupListenHandle [as _listen2] (node:net:1904:16)\n    at listenInCluster (node:net:1961:12)\n    at Server.listen (node:net:2063:7)\n    at Function.listen (C:\\Users\\kubru\\OneDrive\\Área de Trabalho\\QUIZ_V4_Vercel\\node_modules\\express\\lib\\application.js:635:24)\n    at startServer (C:\\Users\\kubru\\OneDrive\\Área de Trabalho\\QUIZ_V4_Vercel\\server.js:331:13)","syscall":"listen","timestamp":"2025-04-20T15:30:54.480Z"}
{"level":"info","message":"Servidor rodando na porta 4000 em ambiente development","timestamp":"2025-04-20T15:31:22.275Z"}
{"level":"info","message":"CORS configurado para origem: http://localhost:3000,http://localhost:4000,http://127.0.0.1:5500","timestamp":"2025-04-20T15:31:22.277Z"}
{"address":"::","code":"EADDRINUSE","errno":-4091,"level":"error","message":"Uncaught Exception: listen EADDRINUSE: address already in use :::4000","port":4000,"stack":"Error: listen EADDRINUSE: address already in use :::4000\n    at Server.setupListenHandle [as _listen2] (node:net:1904:16)\n    at listenInCluster (node:net:1961:12)\n    at Server.listen (node:net:2063:7)\n    at Function.listen (C:\\Users\\kubru\\OneDrive\\Área de Trabalho\\QUIZ_V4_Vercel\\node_modules\\express\\lib\\application.js:635:24)\n    at startServer (C:\\Users\\kubru\\OneDrive\\Área de Trabalho\\QUIZ_V4_Vercel\\server.js:331:13)","syscall":"listen","timestamp":"2025-04-20T15:31:22.341Z"}
{"level":"info","message":"Servidor rodando na porta 4000 em ambiente development","timestamp":"2025-04-20T15:33:47.113Z"}
{"level":"info","message":"CORS configurado para origem: http://localhost:3000,http://localhost:4000,http://127.0.0.1:5500","timestamp":"2025-04-20T15:33:47.121Z"}
{"address":"::","code":"EADDRINUSE","errno":-4091,"level":"error","message":"Uncaught Exception: listen EADDRINUSE: address already in use :::4000","port":4000,"stack":"Error: listen EADDRINUSE: address already in use :::4000\n    at Server.setupListenHandle [as _listen2] (node:net:1893:16)\n    at listenInCluster (node:net:1941:12)\n    at Server.listen (node:net:2029:7)\n    at Function.listen (C:\\Users\\kubru\\OneDrive\\Área de Trabalho\\QUIZ_V4_Vercel\\node_modules\\express\\lib\\application.js:635:24)\n    at startServer (C:\\Users\\kubru\\OneDrive\\Área de Trabalho\\QUIZ_V4_Vercel\\server.js:331:13)","syscall":"listen","timestamp":"2025-04-20T15:33:47.242Z"}
{"level":"info","message":"Servidor rodando na porta 4000 em ambiente development","timestamp":"2025-04-20T15:34:04.683Z"}
{"level":"info","message":"CORS configurado para origem: http://localhost:3000,http://localhost:4000,http://127.0.0.1:5500","timestamp":"2025-04-20T15:34:04.695Z"}
{"address":"::","code":"EADDRINUSE","errno":-4091,"level":"error","message":"Uncaught Exception: listen EADDRINUSE: address already in use :::4000","port":4000,"stack":"Error: listen EADDRINUSE: address already in use :::4000\n    at Server.setupListenHandle [as _listen2] (node:net:1893:16)\n    at listenInCluster (node:net:1941:12)\n    at Server.listen (node:net:2029:7)\n    at Function.listen (C:\\Users\\kubru\\OneDrive\\Área de Trabalho\\QUIZ_V4_Vercel\\node_modules\\express\\lib\\application.js:635:24)\n    at startServer (C:\\Users\\kubru\\OneDrive\\Área de Trabalho\\QUIZ_V4_Vercel\\server.js:331:13)","syscall":"listen","timestamp":"2025-04-20T15:34:09.787Z"}
{"level":"info","message":"Servidor rodando na porta 4000 em ambiente development","timestamp":"2025-04-20T15:34:21.314Z"}
{"level":"info","message":"CORS configurado para origem: http://localhost:3000,http://localhost:4000,http://127.0.0.1:5500","timestamp":"2025-04-20T15:34:21.322Z"}
{"address":"::","code":"EADDRINUSE","errno":-4091,"level":"error","message":"Uncaught Exception: listen EADDRINUSE: address already in use :::4000","port":4000,"stack":"Error: listen EADDRINUSE: address already in use :::4000\n    at Server.setupListenHandle [as _listen2] (node:net:1893:16)\n    at listenInCluster (node:net:1941:12)\n    at Server.listen (node:net:2029:7)\n    at Function.listen (C:\\Users\\kubru\\OneDrive\\Área de Trabalho\\QUIZ_V4_Vercel\\node_modules\\express\\lib\\application.js:635:24)\n    at startServer (C:\\Users\\kubru\\OneDrive\\Área de Trabalho\\QUIZ_V4_Vercel\\server.js:331:13)","syscall":"listen","timestamp":"2025-04-20T15:34:26.398Z"}
{"level":"info","message":"Servidor rodando na porta 4000 em ambiente development","timestamp":"2025-04-20T15:43:50.723Z"}
{"level":"info","message":"CORS configurado para origem: http://localhost:3000,http://localhost:4000,http://127.0.0.1:5500","timestamp":"2025-04-20T15:43:50.738Z"}
{"level":"info","message":"Servidor rodando na porta 4000 em ambiente development","timestamp":"2025-04-20T15:43:55.448Z"}
{"level":"info","message":"CORS configurado para origem: http://localhost:3000,http://localhost:4000,http://127.0.0.1:5500","timestamp":"2025-04-20T15:43:55.458Z"}
{"address":"::","code":"EADDRINUSE","errno":-4091,"level":"error","message":"Uncaught Exception: listen EADDRINUSE: address already in use :::4000","port":4000,"stack":"Error: listen EADDRINUSE: address already in use :::4000\n    at Server.setupListenHandle [as _listen2] (node:net:1893:16)\n    at listenInCluster (node:net:1941:12)\n    at Server.listen (node:net:2029:7)\n    at Function.listen (C:\\Users\\kubru\\OneDrive\\Área de Trabalho\\QUIZ_V4_Vercel\\node_modules\\express\\lib\\application.js:635:24)\n    at startServer (C:\\Users\\kubru\\OneDrive\\Área de Trabalho\\QUIZ_V4_Vercel\\server.js:331:13)","syscall":"listen","timestamp":"2025-04-20T15:43:55.672Z"}
{"level":"info","message":"Servidor rodando na porta 4000 em ambiente development","timestamp":"2025-04-20T15:46:55.334Z"}
{"level":"info","message":"CORS configurado para origem: http://localhost:3000,http://localhost:4000,http://127.0.0.1:5500","timestamp":"2025-04-20T15:46:55.364Z"}
{"address":"::","code":"EADDRINUSE","errno":-4091,"level":"error","message":"Uncaught Exception: listen EADDRINUSE: address already in use :::4000","port":4000,"stack":"Error: listen EADDRINUSE: address already in use :::4000\n    at Server.setupListenHandle [as _listen2] (node:net:1893:16)\n    at listenInCluster (node:net:1941:12)\n    at Server.listen (node:net:2029:7)\n    at Function.listen (C:\\Users\\kubru\\OneDrive\\Área de Trabalho\\QUIZ_V4_Vercel\\node_modules\\express\\lib\\application.js:635:24)\n    at startServer (C:\\Users\\kubru\\OneDrive\\Área de Trabalho\\QUIZ_V4_Vercel\\server.js:331:13)","syscall":"listen","timestamp":"2025-04-20T15:46:55.861Z"}
{"level":"info","message":"Servidor rodando na porta 4000 em ambiente development","timestamp":"2025-04-20T15:47:45.250Z"}
{"level":"info","message":"CORS configurado para origem: http://localhost:3000,http://localhost:4000,http://127.0.0.1:5500","timestamp":"2025-04-20T15:47:45.346Z"}
{"level":"info","message":"Servidor rodando na porta 4000 em ambiente development","timestamp":"2025-04-20T15:47:50.844Z"}
{"level":"info","message":"CORS configurado para origem: http://localhost:3000,http://localhost:4000,http://127.0.0.1:5500","timestamp":"2025-04-20T15:47:50.864Z"}
{"address":"::","code":"EADDRINUSE","errno":-4091,"level":"error","message":"Uncaught Exception: listen EADDRINUSE: address already in use :::4000","port":4000,"stack":"Error: listen EADDRINUSE: address already in use :::4000\n    at Server.setupListenHandle [as _listen2] (node:net:1893:16)\n    at listenInCluster (node:net:1941:12)\n    at Server.listen (node:net:2029:7)\n    at Function.listen (C:\\Users\\kubru\\OneDrive\\Área de Trabalho\\QUIZ_V4_Vercel\\node_modules\\express\\lib\\application.js:635:24)\n    at startServer (C:\\Users\\kubru\\OneDrive\\Área de Trabalho\\QUIZ_V4_Vercel\\server.js:331:13)","syscall":"listen","timestamp":"2025-04-20T15:47:50.995Z"}
{"level":"info","message":"Conexão com o banco de dados estabelecida com sucesso","timestamp":"2025-04-20T16:18:18.204Z"}
{"clientVersion":"5.22.0","level":"error","message":"Erro na verificação da conexão com o banco de dados The mongodb provider does not support $queryRaw","stack":"Error: The mongodb provider does not support $queryRaw\n    at C:\\Users\\kubru\\OneDrive\\Área de Trabalho\\QUIZ_V4_Vercel\\node_modules\\@prisma\\client\\runtime\\library.js:121:542\n    at Proxy._executeRequest (C:\\Users\\kubru\\OneDrive\\Área de Trabalho\\QUIZ_V4_Vercel\\node_modules\\@prisma\\client\\runtime\\library.js:130:10111)\n    at Na (C:\\Users\\kubru\\OneDrive\\Área de Trabalho\\QUIZ_V4_Vercel\\node_modules\\@prisma\\client\\runtime\\library.js:31:9955)\n    at l (C:\\Users\\kubru\\OneDrive\\Área de Trabalho\\QUIZ_V4_Vercel\\node_modules\\@prisma\\client\\runtime\\library.js:130:9639)\n    at C:\\Users\\kubru\\OneDrive\\Área de Trabalho\\QUIZ_V4_Vercel\\node_modules\\@prisma\\client\\runtime\\library.js:130:9933\n    at AsyncResource.runInAsyncScope (node:async_hooks:206:9)\n    at C:\\Users\\kubru\\OneDrive\\Área de Trabalho\\QUIZ_V4_Vercel\\node_modules\\@prisma\\client\\runtime\\library.js:130:9913\n    at Object.runInChildSpan (C:\\Users\\kubru\\OneDrive\\Área de Trabalho\\QUIZ_V4_Vercel\\node_modules\\@prisma\\client\\runtime\\library.js:121:1509)\n    at Proxy._request (C:\\Users\\kubru\\OneDrive\\Área de Trabalho\\QUIZ_V4_Vercel\\node_modules\\@prisma\\client\\runtime\\library.js:130:9836)\n    at Proxy.$queryRawInternal (C:\\Users\\kubru\\OneDrive\\Área de Trabalho\\QUIZ_V4_Vercel\\node_modules\\@prisma\\client\\runtime\\library.js:130:5997)","timestamp":"2025-04-20T16:23:16.281Z"}
{"clientVersion":"5.22.0","level":"error","message":"Erro na verificação da conexão com o banco de dados The mongodb provider does not support $queryRaw","stack":"Error: The mongodb provider does not support $queryRaw\n    at C:\\Users\\kubru\\OneDrive\\Área de Trabalho\\QUIZ_V4_Vercel\\node_modules\\@prisma\\client\\runtime\\library.js:121:542\n    at Proxy._executeRequest (C:\\Users\\kubru\\OneDrive\\Área de Trabalho\\QUIZ_V4_Vercel\\node_modules\\@prisma\\client\\runtime\\library.js:130:10111)\n    at Na (C:\\Users\\kubru\\OneDrive\\Área de Trabalho\\QUIZ_V4_Vercel\\node_modules\\@prisma\\client\\runtime\\library.js:31:9955)\n    at l (C:\\Users\\kubru\\OneDrive\\Área de Trabalho\\QUIZ_V4_Vercel\\node_modules\\@prisma\\client\\runtime\\library.js:130:9639)\n    at C:\\Users\\kubru\\OneDrive\\Área de Trabalho\\QUIZ_V4_Vercel\\node_modules\\@prisma\\client\\runtime\\library.js:130:9933\n    at AsyncResource.runInAsyncScope (node:async_hooks:206:9)\n    at C:\\Users\\kubru\\OneDrive\\Área de Trabalho\\QUIZ_V4_Vercel\\node_modules\\@prisma\\client\\runtime\\library.js:130:9913\n    at Object.runInChildSpan (C:\\Users\\kubru\\OneDrive\\Área de Trabalho\\QUIZ_V4_Vercel\\node_modules\\@prisma\\client\\runtime\\library.js:121:1509)\n    at Proxy._request (C:\\Users\\kubru\\OneDrive\\Área de Trabalho\\QUIZ_V4_Vercel\\node_modules\\@prisma\\client\\runtime\\library.js:130:9836)\n    at Proxy.$queryRawInternal (C:\\Users\\kubru\\OneDrive\\Área de Trabalho\\QUIZ_V4_Vercel\\node_modules\\@prisma\\client\\runtime\\library.js:130:5997)","timestamp":"2025-04-20T16:27:15.219Z"}
{"level":"info","message":"Conexão com o banco de dados estabelecida com sucesso","timestamp":"2025-04-20T16:30:23.101Z"}
{"clientVersion":"5.22.0","level":"error","message":"Erro na verificação da conexão com o banco de dados The mongodb provider does not support $queryRaw","stack":"Error: The mongodb provider does not support $queryRaw\n    at C:\\Users\\kubru\\OneDrive\\Área de Trabalho\\QUIZ_V4_Vercel\\node_modules\\@prisma\\client\\runtime\\library.js:121:542\n    at Proxy._executeRequest (C:\\Users\\kubru\\OneDrive\\Área de Trabalho\\QUIZ_V4_Vercel\\node_modules\\@prisma\\client\\runtime\\library.js:130:10111)\n    at Na (C:\\Users\\kubru\\OneDrive\\Área de Trabalho\\QUIZ_V4_Vercel\\node_modules\\@prisma\\client\\runtime\\library.js:31:9955)\n    at l (C:\\Users\\kubru\\OneDrive\\Área de Trabalho\\QUIZ_V4_Vercel\\node_modules\\@prisma\\client\\runtime\\library.js:130:9639)\n    at C:\\Users\\kubru\\OneDrive\\Área de Trabalho\\QUIZ_V4_Vercel\\node_modules\\@prisma\\client\\runtime\\library.js:130:9933\n    at AsyncResource.runInAsyncScope (node:async_hooks:206:9)\n    at C:\\Users\\kubru\\OneDrive\\Área de Trabalho\\QUIZ_V4_Vercel\\node_modules\\@prisma\\client\\runtime\\library.js:130:9913\n    at Object.runInChildSpan (C:\\Users\\kubru\\OneDrive\\Área de Trabalho\\QUIZ_V4_Vercel\\node_modules\\@prisma\\client\\runtime\\library.js:121:1509)\n    at Proxy._request (C:\\Users\\kubru\\OneDrive\\Área de Trabalho\\QUIZ_V4_Vercel\\node_modules\\@prisma\\client\\runtime\\library.js:130:9836)\n    at Proxy.$queryRawInternal (C:\\Users\\kubru\\OneDrive\\Área de Trabalho\\QUIZ_V4_Vercel\\node_modules\\@prisma\\client\\runtime\\library.js:130:5997)","timestamp":"2025-04-20T16:31:02.196Z"}
{"clientVersion":"5.22.0","level":"error","message":"Erro na verificação da conexão com o banco de dados The mongodb provider does not support $queryRaw","stack":"Error: The mongodb provider does not support $queryRaw\n    at C:\\Users\\kubru\\OneDrive\\Área de Trabalho\\QUIZ_V4_Vercel\\node_modules\\@prisma\\client\\runtime\\library.js:121:542\n    at Proxy._executeRequest (C:\\Users\\kubru\\OneDrive\\Área de Trabalho\\QUIZ_V4_Vercel\\node_modules\\@prisma\\client\\runtime\\library.js:130:10111)\n    at Na (C:\\Users\\kubru\\OneDrive\\Área de Trabalho\\QUIZ_V4_Vercel\\node_modules\\@prisma\\client\\runtime\\library.js:31:9955)\n    at l (C:\\Users\\kubru\\OneDrive\\Área de Trabalho\\QUIZ_V4_Vercel\\node_modules\\@prisma\\client\\runtime\\library.js:130:9639)\n    at C:\\Users\\kubru\\OneDrive\\Área de Trabalho\\QUIZ_V4_Vercel\\node_modules\\@prisma\\client\\runtime\\library.js:130:9933\n    at AsyncResource.runInAsyncScope (node:async_hooks:206:9)\n    at C:\\Users\\kubru\\OneDrive\\Área de Trabalho\\QUIZ_V4_Vercel\\node_modules\\@prisma\\client\\runtime\\library.js:130:9913\n    at Object.runInChildSpan (C:\\Users\\kubru\\OneDrive\\Área de Trabalho\\QUIZ_V4_Vercel\\node_modules\\@prisma\\client\\runtime\\library.js:121:1509)\n    at Proxy._request (C:\\Users\\kubru\\OneDrive\\Área de Trabalho\\QUIZ_V4_Vercel\\node_modules\\@prisma\\client\\runtime\\library.js:130:9836)\n    at Proxy.$queryRawInternal (C:\\Users\\kubru\\OneDrive\\Área de Trabalho\\QUIZ_V4_Vercel\\node_modules\\@prisma\\client\\runtime\\library.js:130:5997)","timestamp":"2025-04-20T16:31:55.726Z"}
{"level":"error","message":"Erro no Prisma: \n\u001b[31mInvalid \u001b[1m`prisma.user.findFirst()`\u001b[22m invocation in\u001b[39m\n\u001b[4mC:\\Users\\kubru\\OneDrive\\Área de Trabalho\\QUIZ_V4_Vercel\\server.js:50:27\u001b[24m\n\n  \u001b[2m\u001b[90m47\u001b[39m \u001b[90m// Função para testar a conexão com o banco\u001b[39m\u001b[22m\n  \u001b[2m\u001b[90m48\u001b[39m \u001b[36masync\u001b[39m \u001b[36mfunction\u001b[39m \u001b[36mtestDatabaseConnection\u001b[39m\u001b[34m(\u001b[39m\u001b[34m)\u001b[39m \u001b[34m{\u001b[39m\u001b[22m\n  \u001b[2m\u001b[90m49\u001b[39m     \u001b[36mtry\u001b[39m \u001b[34m{\u001b[39m\u001b[22m\n\u001b[1m\u001b[31m→\u001b[39m\u001b[22m \u001b[2m\u001b[90m50\u001b[39m         \u001b[36mawait\u001b[39m prisma\u001b[34m.\u001b[39muser\u001b[34m.\u001b[39m\u001b[36mfindFirst\u001b[39m\u001b[34m(\u001b[39m\u001b[22m\nRaw query failed. Code: `unknown`. Message: `Kind: Command failed: Error code 8000 (AtlasError): empty database name not allowed\n\tat 712f715e8cd2f3a713580f814d948c90/atlasproxy/session_proxy.go:720\n\tat 712f715e8cd2f3a713580f814d948c90/atlasproxy/session_proxy.go:1582\n\tat 712f715e8cd2f3a713580f814d948c90/atlasproxy/session_proxy.go:1189\n\tat 712f715e8cd2f3a713580f814d948c90/atlasproxy/session_proxy.go:1079\n\tat 10gen/mongonet@v0.0.0-20250331235447-86d2ae4ee060/proxy_session.go:392\n\tat 10gen/mongonet@v0.0.0-20250331235447-86d2ae4ee060/proxy_session.go:114\n\tat 10gen/mongonet@v0.0.0-20250331235447-86d2ae4ee060/session.go:220\n\tat 10gen/mongonet@v0.0.0-20250331235447-86d2ae4ee060/server.go:384\n\tat src/runtime/asm_arm64.s:1223, labels: {}`","target":"user.findFirst","timestamp":"2025-04-20T16:35:21.466Z"}
{"level":"info","message":"Conexão com o banco de dados testada com sucesso","timestamp":"2025-04-20T16:39:41.847Z"}
{"level":"info","message":"Conexão com o banco de dados testada com sucesso","timestamp":"2025-04-20T16:40:41.597Z"}
{"level":"info","message":"🚀 Servidor rodando em http://localhost:4000","timestamp":"2025-04-20T16:40:41.609Z"}
{"level":"info","message":"🌍 Ambiente: development","timestamp":"2025-04-20T16:40:41.609Z"}
{"level":"info","message":"🔒 CORS configurado para: http://localhost:3000,http://localhost:4000,http://127.0.0.1:5500,http://127.0.0.1:5503","timestamp":"2025-04-20T16:40:41.609Z"}
{"level":"info","message":"Conexão com o banco de dados testada com sucesso","timestamp":"2025-04-20T16:41:32.598Z"}
{"level":"info","message":"Conexão com o banco de dados testada com sucesso","timestamp":"2025-04-20T16:41:47.038Z"}
{"level":"info","message":"Conexão com o banco de dados testada com sucesso","timestamp":"2025-04-20T16:41:50.836Z"}
{"level":"info","message":"Conexão com o banco de dados testada com sucesso","timestamp":"2025-04-20T16:41:52.773Z"}
{"level":"info","message":"Conexão com o banco de dados testada com sucesso","timestamp":"2025-04-20T16:41:53.176Z"}
{"level":"info","message":"Conexão com o banco de dados testada com sucesso","timestamp":"2025-04-20T16:43:00.301Z"}
{"level":"info","message":"Conexão com o banco de dados testada com sucesso","timestamp":"2025-04-20T18:19:15.583Z"}
{"level":"info","message":"🚀 Servidor rodando em http://localhost:4000","timestamp":"2025-04-20T18:19:15.606Z"}
{"level":"info","message":"🌍 Ambiente: development","timestamp":"2025-04-20T18:19:15.610Z"}
{"level":"info","message":"🔒 CORS configurado para: http://localhost:3000,http://localhost:4000,http://127.0.0.1:5500,http://127.0.0.1:5503","timestamp":"2025-04-20T18:19:15.612Z"}
{"level":"info","message":"Conexão com o banco de dados testada com sucesso","timestamp":"2025-04-20T18:19:19.405Z"}
{"level":"info","message":"Conexão com o banco de dados testada com sucesso","timestamp":"2025-04-20T18:22:31.688Z"}
{"level":"info","message":"Conexão com o banco de dados testada com sucesso","timestamp":"2025-04-20T18:22:31.688Z"}
{"level":"info","message":"🚀 Servidor rodando em http://localhost:4000","timestamp":"2025-04-20T18:22:31.694Z"}
{"level":"info","message":"🌍 Ambiente: development","timestamp":"2025-04-20T18:22:31.694Z"}
{"level":"info","message":"🔒 CORS configurado para: http://localhost:3000,http://localhost:4000,http://127.0.0.1:5500,http://127.0.0.1:5503","timestamp":"2025-04-20T18:22:31.695Z"}
{"level":"info","message":"Conexão com o banco de dados testada com sucesso","timestamp":"2025-04-20T18:32:27.923Z"}
{"level":"info","message":"🚀 Servidor rodando em http://localhost:4000","timestamp":"2025-04-20T18:32:28.016Z"}
{"level":"info","message":"🌍 Ambiente: development","timestamp":"2025-04-20T18:32:28.019Z"}
{"level":"info","message":"🔒 CORS configurado para: http://localhost:3000,http://localhost:4000,http://127.0.0.1:5500,http://127.0.0.1:5503","timestamp":"2025-04-20T18:32:28.021Z"}
{"level":"info","message":"Conexão com o banco de dados testada com sucesso","timestamp":"2025-04-20T18:32:30.994Z"}
{"level":"info","message":"Conexão com o banco de dados testada com sucesso","timestamp":"2025-04-20T18:32:31.004Z"}
{"level":"info","message":"🚀 Servidor rodando em http://localhost:4000","timestamp":"2025-04-20T18:32:31.009Z"}
{"level":"info","message":"🌍 Ambiente: development","timestamp":"2025-04-20T18:32:31.011Z"}
{"level":"info","message":"🔒 CORS configurado para: http://localhost:3000,http://localhost:4000,http://127.0.0.1:5500,http://127.0.0.1:5503","timestamp":"2025-04-20T18:32:31.013Z"}
{"level":"info","message":"Conexão com o banco de dados testada com sucesso","timestamp":"2025-04-20T18:33:59.877Z"}
{"level":"info","message":"Conexão com o banco de dados testada com sucesso","timestamp":"2025-04-20T18:34:39.352Z"}
{"level":"info","message":"🚀 Servidor rodando em http://localhost:4000","timestamp":"2025-04-20T18:34:39.381Z"}
{"level":"info","message":"🌍 Ambiente: development","timestamp":"2025-04-20T18:34:39.382Z"}
{"level":"info","message":"🔒 CORS configurado para: http://localhost:3000,http://localhost:4000,http://127.0.0.1:5500,http://127.0.0.1:5503","timestamp":"2025-04-20T18:34:39.383Z"}
{"level":"info","message":"Conexão com o banco de dados testada com sucesso","timestamp":"2025-04-20T18:34:39.535Z"}
{"level":"info","message":"Conexão com o banco de dados testada com sucesso","timestamp":"2025-04-20T18:37:16.114Z"}
{"level":"info","message":"Conexão com o banco de dados testada com sucesso","timestamp":"2025-04-20T18:37:16.135Z"}
{"level":"info","message":"🚀 Servidor rodando em http://localhost:4000","timestamp":"2025-04-20T18:37:16.227Z"}
{"level":"info","message":"🌍 Ambiente: development","timestamp":"2025-04-20T18:37:16.234Z"}
{"level":"info","message":"🔒 CORS configurado para: http://localhost:3000,http://localhost:4000,http://127.0.0.1:5500,http://127.0.0.1:5503","timestamp":"2025-04-20T18:37:16.236Z"}
{"level":"info","message":"Conexão com o banco de dados testada com sucesso","timestamp":"2025-04-20T18:42:05.567Z"}
{"level":"info","message":"Conexão com o banco de dados testada com sucesso","timestamp":"2025-04-20T18:42:05.583Z"}
{"level":"info","message":"🚀 Servidor rodando em http://localhost:4000","timestamp":"2025-04-20T18:42:05.707Z"}
{"level":"info","message":"🌍 Ambiente: development","timestamp":"2025-04-20T18:42:05.710Z"}
{"level":"info","message":"🔒 CORS configurado para: http://localhost:3000,http://localhost:4000,http://127.0.0.1:5500,http://127.0.0.1:5503","timestamp":"2025-04-20T18:42:05.718Z"}
{"level":"info","message":"Conexão com o banco de dados testada com sucesso","timestamp":"2025-04-20T18:44:41.680Z"}
{"level":"info","message":"Conexão com o banco de dados testada com sucesso","timestamp":"2025-04-20T18:44:41.703Z"}
{"level":"info","message":"🚀 Servidor rodando em http://localhost:4000","timestamp":"2025-04-20T18:44:41.725Z"}
{"level":"info","message":"🌍 Ambiente: development","timestamp":"2025-04-20T18:44:41.727Z"}
{"level":"info","message":"🔒 CORS configurado para: http://localhost:3000,http://localhost:4000,http://127.0.0.1:5500,http://127.0.0.1:5503","timestamp":"2025-04-20T18:44:41.729Z"}
{"level":"info","message":"Conexão com o banco de dados testada com sucesso","timestamp":"2025-04-20T18:49:08.977Z"}
{"level":"info","message":"Conexão com o banco de dados testada com sucesso","timestamp":"2025-04-20T18:49:12.449Z"}
{"level":"info","message":"🚀 Servidor rodando em http://localhost:4000","timestamp":"2025-04-20T18:49:12.581Z"}
{"level":"info","message":"🌍 Ambiente: development","timestamp":"2025-04-20T18:49:12.583Z"}
{"level":"info","message":"🔒 CORS configurado para: http://localhost:3000,http://localhost:4000,http://127.0.0.1:5500,http://127.0.0.1:5503","timestamp":"2025-04-20T18:49:12.585Z"}
{"level":"info","message":"Conexão com o banco de dados testada com sucesso","timestamp":"2025-04-20T18:49:17.071Z"}
{"level":"info","message":"Conexão com o banco de dados testada com sucesso","timestamp":"2025-04-20T18:49:42.622Z"}
{"level":"info","message":"Conexão com o banco de dados testada com sucesso","timestamp":"2025-04-20T18:49:45.498Z"}
{"level":"info","message":"Conexão com o banco de dados testada com sucesso","timestamp":"2025-04-20T18:49:51.356Z"}
{"level":"info","message":"Conexão com o banco de dados testada com sucesso","timestamp":"2025-04-20T18:50:33.751Z"}
{"level":"info","message":"Conexão com o banco de dados testada com sucesso","timestamp":"2025-04-20T18:50:41.912Z"}
{"level":"info","message":"Conexão com o banco de dados testada com sucesso","timestamp":"2025-04-20T18:50:43.121Z"}
{"level":"info","message":"Conexão com o banco de dados testada com sucesso","timestamp":"2025-04-20T18:50:43.835Z"}
{"level":"info","message":"Conexão com o banco de dados testada com sucesso","timestamp":"2025-04-20T18:50:44.847Z"}
{"level":"info","message":"Conexão com o banco de dados testada com sucesso","timestamp":"2025-04-20T18:50:55.752Z"}
{"level":"info","message":"Conexão com o banco de dados testada com sucesso","timestamp":"2025-04-20T18:52:12.778Z"}
{"level":"info","message":"Conexão com o banco de dados testada com sucesso","timestamp":"2025-04-20T18:52:13.326Z"}
{"level":"info","message":"Conexão com o banco de dados testada com sucesso","timestamp":"2025-04-20T18:52:14.020Z"}
{"level":"info","message":"Conexão com o banco de dados testada com sucesso","timestamp":"2025-04-20T18:52:14.738Z"}
{"level":"info","message":"Conexão com o banco de dados testada com sucesso","timestamp":"2025-04-20T18:52:15.153Z"}
{"level":"info","message":"Conexão com o banco de dados testada com sucesso","timestamp":"2025-04-20T18:52:15.418Z"}
{"level":"info","message":"Conexão com o banco de dados testada com sucesso","timestamp":"2025-04-20T18:52:15.664Z"}
{"level":"info","message":"Conexão com o banco de dados testada com sucesso","timestamp":"2025-04-20T18:52:16.402Z"}
{"level":"info","message":"Conexão com o banco de dados testada com sucesso","timestamp":"2025-04-20T18:52:17.100Z"}
{"level":"info","message":"Conexão com o banco de dados testada com sucesso","timestamp":"2025-04-20T18:52:17.761Z"}
{"level":"info","message":"Conexão com o banco de dados testada com sucesso","timestamp":"2025-04-20T18:52:18.424Z"}
{"level":"info","message":"Conexão com o banco de dados testada com sucesso","timestamp":"2025-04-20T18:52:19.032Z"}
{"level":"info","message":"Conexão com o banco de dados testada com sucesso","timestamp":"2025-04-20T18:52:19.703Z"}
{"level":"info","message":"Conexão com o banco de dados testada com sucesso","timestamp":"2025-04-20T18:52:20.247Z"}
{"level":"info","message":"Conexão com o banco de dados testada com sucesso","timestamp":"2025-04-20T18:52:20.845Z"}
{"level":"info","message":"Conexão com o banco de dados testada com sucesso","timestamp":"2025-04-20T18:52:21.361Z"}
{"level":"info","message":"Conexão com o banco de dados testada com sucesso","timestamp":"2025-04-20T18:52:21.811Z"}
{"level":"info","message":"Conexão com o banco de dados testada com sucesso","timestamp":"2025-04-20T18:52:22.429Z"}
{"level":"info","message":"Conexão com o banco de dados testada com sucesso","timestamp":"2025-04-20T18:52:22.978Z"}
{"level":"info","message":"Conexão com o banco de dados testada com sucesso","timestamp":"2025-04-20T18:52:23.593Z"}
{"level":"info","message":"Conexão com o banco de dados testada com sucesso","timestamp":"2025-04-20T18:52:24.448Z"}
{"level":"info","message":"Conexão com o banco de dados testada com sucesso","timestamp":"2025-04-20T18:52:24.956Z"}
{"level":"info","message":"Conexão com o banco de dados testada com sucesso","timestamp":"2025-04-20T18:52:25.560Z"}
{"level":"info","message":"Conexão com o banco de dados testada com sucesso","timestamp":"2025-04-20T18:52:26.139Z"}
{"level":"info","message":"Conexão com o banco de dados testada com sucesso","timestamp":"2025-04-20T18:52:26.670Z"}
{"level":"info","message":"Conexão com o banco de dados testada com sucesso","timestamp":"2025-04-20T18:52:27.188Z"}
{"level":"info","message":"Conexão com o banco de dados testada com sucesso","timestamp":"2025-04-20T18:52:27.740Z"}
{"level":"info","message":"Conexão com o banco de dados testada com sucesso","timestamp":"2025-04-20T18:52:28.232Z"}
{"level":"info","message":"Conexão com o banco de dados testada com sucesso","timestamp":"2025-04-20T18:52:28.723Z"}
{"level":"info","message":"Conexão com o banco de dados testada com sucesso","timestamp":"2025-04-20T18:52:29.554Z"}
{"level":"info","message":"Conexão com o banco de dados testada com sucesso","timestamp":"2025-04-20T18:52:29.996Z"}
{"level":"info","message":"Conexão com o banco de dados testada com sucesso","timestamp":"2025-04-20T18:52:30.523Z"}
{"level":"info","message":"Conexão com o banco de dados testada com sucesso","timestamp":"2025-04-20T18:52:31.120Z"}
{"level":"info","message":"Conexão com o banco de dados testada com sucesso","timestamp":"2025-04-20T18:52:31.506Z"}
{"level":"info","message":"Conexão com o banco de dados testada com sucesso","timestamp":"2025-04-20T18:52:31.923Z"}
{"level":"info","message":"Conexão com o banco de dados testada com sucesso","timestamp":"2025-04-20T18:52:32.472Z"}
{"level":"info","message":"Conexão com o banco de dados testada com sucesso","timestamp":"2025-04-20T18:52:32.909Z"}
{"level":"info","message":"Conexão com o banco de dados testada com sucesso","timestamp":"2025-04-20T18:52:33.417Z"}
{"level":"info","message":"Conexão com o banco de dados testada com sucesso","timestamp":"2025-04-20T18:52:33.824Z"}
{"level":"info","message":"Conexão com o banco de dados testada com sucesso","timestamp":"2025-04-20T18:52:34.385Z"}
{"level":"info","message":"Conexão com o banco de dados testada com sucesso","timestamp":"2025-04-20T18:52:34.790Z"}
{"level":"info","message":"Conexão com o banco de dados testada com sucesso","timestamp":"2025-04-20T18:52:35.335Z"}
{"level":"info","message":"Conexão com o banco de dados testada com sucesso","timestamp":"2025-04-20T18:52:35.710Z"}
{"level":"info","message":"Conexão com o banco de dados testada com sucesso","timestamp":"2025-04-20T18:52:36.299Z"}
{"level":"info","message":"Conexão com o banco de dados testada com sucesso","timestamp":"2025-04-20T18:52:36.751Z"}
{"level":"info","message":"Conexão com o banco de dados testada com sucesso","timestamp":"2025-04-20T18:52:37.227Z"}
{"level":"info","message":"Conexão com o banco de dados testada com sucesso","timestamp":"2025-04-20T18:52:37.576Z"}
{"level":"info","message":"Conexão com o banco de dados testada com sucesso","timestamp":"2025-04-20T18:52:38.140Z"}
{"level":"info","message":"Conexão com o banco de dados testada com sucesso","timestamp":"2025-04-20T18:52:38.467Z"}
{"level":"info","message":"Conexão com o banco de dados testada com sucesso","timestamp":"2025-04-20T18:52:39.139Z"}
{"level":"info","message":"Conexão com o banco de dados testada com sucesso","timestamp":"2025-04-20T18:52:39.584Z"}
{"level":"info","message":"Conexão com o banco de dados testada com sucesso","timestamp":"2025-04-20T18:52:39.851Z"}
{"level":"info","message":"Conexão com o banco de dados testada com sucesso","timestamp":"2025-04-20T18:52:40.408Z"}
{"level":"info","message":"Conexão com o banco de dados testada com sucesso","timestamp":"2025-04-20T18:52:40.662Z"}
{"level":"info","message":"Conexão com o banco de dados testada com sucesso","timestamp":"2025-04-20T18:52:41.233Z"}
{"level":"info","message":"Conexão com o banco de dados testada com sucesso","timestamp":"2025-04-20T18:52:41.590Z"}
{"level":"info","message":"Conexão com o banco de dados testada com sucesso","timestamp":"2025-04-20T18:52:42.508Z"}
{"level":"info","message":"Conexão com o banco de dados testada com sucesso","timestamp":"2025-04-20T18:52:42.963Z"}
{"level":"info","message":"Conexão com o banco de dados testada com sucesso","timestamp":"2025-04-20T18:52:43.506Z"}
{"level":"info","message":"Conexão com o banco de dados testada com sucesso","timestamp":"2025-04-20T18:52:43.748Z"}
{"level":"info","message":"Conexão com o banco de dados testada com sucesso","timestamp":"2025-04-20T18:52:44.393Z"}
{"level":"info","message":"Conexão com o banco de dados testada com sucesso","timestamp":"2025-04-20T18:52:44.763Z"}
{"level":"info","message":"Conexão com o banco de dados testada com sucesso","timestamp":"2025-04-20T18:52:45.278Z"}
{"level":"info","message":"Conexão com o banco de dados testada com sucesso","timestamp":"2025-04-20T18:52:45.648Z"}
{"level":"info","message":"Conexão com o banco de dados testada com sucesso","timestamp":"2025-04-20T18:52:46.208Z"}
{"level":"info","message":"Conexão com o banco de dados testada com sucesso","timestamp":"2025-04-20T18:52:46.457Z"}
{"level":"info","message":"Conexão com o banco de dados testada com sucesso","timestamp":"2025-04-20T18:52:47.025Z"}
{"level":"info","message":"Conexão com o banco de dados testada com sucesso","timestamp":"2025-04-20T18:52:47.377Z"}
{"level":"info","message":"Conexão com o banco de dados testada com sucesso","timestamp":"2025-04-20T18:52:47.817Z"}
{"level":"info","message":"Conexão com o banco de dados testada com sucesso","timestamp":"2025-04-20T18:52:48.367Z"}
{"level":"info","message":"Conexão com o banco de dados testada com sucesso","timestamp":"2025-04-20T18:52:48.599Z"}
{"level":"info","message":"Conexão com o banco de dados testada com sucesso","timestamp":"2025-04-20T18:52:49.142Z"}
{"level":"info","message":"Conexão com o banco de dados testada com sucesso","timestamp":"2025-04-20T18:52:49.696Z"}
{"level":"info","message":"Conexão com o banco de dados testada com sucesso","timestamp":"2025-04-20T18:52:49.922Z"}
{"level":"info","message":"Conexão com o banco de dados testada com sucesso","timestamp":"2025-04-20T18:52:50.472Z"}
{"level":"info","message":"Conexão com o banco de dados testada com sucesso","timestamp":"2025-04-20T18:52:50.726Z"}
{"level":"info","message":"Conexão com o banco de dados testada com sucesso","timestamp":"2025-04-20T18:52:51.299Z"}
{"level":"info","message":"Conexão com o banco de dados testada com sucesso","timestamp":"2025-04-20T18:52:51.710Z"}
{"level":"info","message":"Conexão com o banco de dados testada com sucesso","timestamp":"2025-04-20T18:52:52.228Z"}
{"level":"info","message":"Conexão com o banco de dados testada com sucesso","timestamp":"2025-04-20T18:52:52.487Z"}
{"level":"info","message":"Conexão com o banco de dados testada com sucesso","timestamp":"2025-04-20T18:52:53.052Z"}
{"level":"info","message":"Conexão com o banco de dados testada com sucesso","timestamp":"2025-04-20T18:52:53.259Z"}
{"level":"info","message":"Conexão com o banco de dados testada com sucesso","timestamp":"2025-04-20T18:52:53.841Z"}
{"level":"info","message":"Conexão com o banco de dados testada com sucesso","timestamp":"2025-04-20T18:52:54.068Z"}
{"level":"info","message":"Conexão com o banco de dados testada com sucesso","timestamp":"2025-04-20T18:52:55.033Z"}
{"level":"info","message":"Conexão com o banco de dados testada com sucesso","timestamp":"2025-04-20T18:52:55.343Z"}
{"level":"info","message":"Conexão com o banco de dados testada com sucesso","timestamp":"2025-04-20T18:52:55.868Z"}
{"level":"info","message":"Conexão com o banco de dados testada com sucesso","timestamp":"2025-04-20T18:52:56.212Z"}
{"level":"info","message":"Conexão com o banco de dados testada com sucesso","timestamp":"2025-04-20T18:52:56.744Z"}
{"level":"info","message":"Conexão com o banco de dados testada com sucesso","timestamp":"2025-04-20T18:52:57.004Z"}
{"level":"info","message":"Conexão com o banco de dados testada com sucesso","timestamp":"2025-04-20T18:52:57.553Z"}
{"level":"info","message":"Conexão com o banco de dados testada com sucesso","timestamp":"2025-04-20T18:52:57.808Z"}
{"level":"info","message":"Conexão com o banco de dados testada com sucesso","timestamp":"2025-04-20T18:54:11.774Z"}
{"level":"info","message":"🚀 Servidor rodando em http://localhost:4000","timestamp":"2025-04-20T18:54:11.995Z"}
{"level":"info","message":"🌍 Ambiente: development","timestamp":"2025-04-20T18:54:11.999Z"}
{"level":"info","message":"🔒 CORS configurado para: http://localhost:3000,http://localhost:4000,http://127.0.0.1:5500,http://127.0.0.1:5503","timestamp":"2025-04-20T18:54:12.005Z"}
{"level":"info","message":"Conexão com o banco de dados testada com sucesso","timestamp":"2025-04-20T18:54:19.150Z"}
{"level":"info","message":"Conexão com o banco de dados testada com sucesso","timestamp":"2025-04-20T18:55:21.943Z"}
{"level":"info","message":"Conexão com o banco de dados testada com sucesso","timestamp":"2025-04-20T18:55:37.659Z"}
{"level":"info","message":"Conexão com o banco de dados testada com sucesso","timestamp":"2025-04-20T18:55:38.261Z"}
{"level":"info","message":"Conexão com o banco de dados testada com sucesso","timestamp":"2025-04-20T18:55:38.878Z"}
{"level":"info","message":"Conexão com o banco de dados testada com sucesso","timestamp":"2025-04-20T18:55:39.509Z"}
{"level":"info","message":"Conexão com o banco de dados testada com sucesso","timestamp":"2025-04-20T18:55:40.062Z"}
{"level":"info","message":"Conexão com o banco de dados testada com sucesso","timestamp":"2025-04-20T18:55:40.746Z"}
{"level":"info","message":"Conexão com o banco de dados testada com sucesso","timestamp":"2025-04-20T18:55:41.679Z"}
{"level":"info","message":"Conexão com o banco de dados testada com sucesso","timestamp":"2025-04-20T18:55:42.248Z"}
{"level":"info","message":"Conexão com o banco de dados testada com sucesso","timestamp":"2025-04-20T18:55:42.894Z"}
{"level":"info","message":"Conexão com o banco de dados testada com sucesso","timestamp":"2025-04-20T18:55:43.445Z"}
{"level":"info","message":"Conexão com o banco de dados testada com sucesso","timestamp":"2025-04-20T18:55:44.028Z"}
{"level":"info","message":"Conexão com o banco de dados testada com sucesso","timestamp":"2025-04-20T18:55:44.647Z"}
{"level":"info","message":"Conexão com o banco de dados testada com sucesso","timestamp":"2025-04-20T18:55:45.277Z"}
{"level":"info","message":"Conexão com o banco de dados testada com sucesso","timestamp":"2025-04-20T18:55:45.895Z"}
{"level":"info","message":"Conexão com o banco de dados testada com sucesso","timestamp":"2025-04-20T18:55:46.593Z"}
{"level":"info","message":"Conexão com o banco de dados testada com sucesso","timestamp":"2025-04-20T18:55:47.188Z"}
{"level":"info","message":"Conexão com o banco de dados testada com sucesso","timestamp":"2025-04-20T18:55:47.918Z"}
{"level":"info","message":"Conexão com o banco de dados testada com sucesso","timestamp":"2025-04-20T18:55:48.508Z"}
{"level":"info","message":"Conexão com o banco de dados testada com sucesso","timestamp":"2025-04-20T18:55:49.142Z"}
{"level":"info","message":"Conexão com o banco de dados testada com sucesso","timestamp":"2025-04-20T18:55:49.755Z"}
{"level":"info","message":"Conexão com o banco de dados testada com sucesso","timestamp":"2025-04-20T18:55:50.365Z"}
{"level":"info","message":"Conexão com o banco de dados testada com sucesso","timestamp":"2025-04-20T18:55:51.014Z"}
{"level":"info","message":"Conexão com o banco de dados testada com sucesso","timestamp":"2025-04-20T18:55:51.589Z"}
{"level":"info","message":"Conexão com o banco de dados testada com sucesso","timestamp":"2025-04-20T18:55:52.209Z"}
{"level":"info","message":"Conexão com o banco de dados testada com sucesso","timestamp":"2025-04-20T18:55:52.782Z"}
{"level":"info","message":"Conexão com o banco de dados testada com sucesso","timestamp":"2025-04-20T18:55:53.422Z"}
{"level":"info","message":"Conexão com o banco de dados testada com sucesso","timestamp":"2025-04-20T18:55:54.020Z"}
{"level":"info","message":"Conexão com o banco de dados testada com sucesso","timestamp":"2025-04-20T18:55:54.646Z"}
{"level":"info","message":"Conexão com o banco de dados testada com sucesso","timestamp":"2025-04-20T18:55:55.256Z"}
{"level":"info","message":"Conexão com o banco de dados testada com sucesso","timestamp":"2025-04-20T18:55:55.889Z"}
{"level":"info","message":"Conexão com o banco de dados testada com sucesso","timestamp":"2025-04-20T18:55:56.396Z"}
{"level":"info","message":"Conexão com o banco de dados testada com sucesso","timestamp":"2025-04-20T18:55:57.003Z"}
{"level":"info","message":"Conexão com o banco de dados testada com sucesso","timestamp":"2025-04-20T18:55:57.703Z"}
{"level":"info","message":"Conexão com o banco de dados testada com sucesso","timestamp":"2025-04-20T18:55:58.408Z"}
{"level":"info","message":"Conexão com o banco de dados testada com sucesso","timestamp":"2025-04-20T18:55:59.776Z"}
{"level":"info","message":"Conexão com o banco de dados testada com sucesso","timestamp":"2025-04-20T18:56:00.760Z"}
{"level":"info","message":"Conexão com o banco de dados testada com sucesso","timestamp":"2025-04-20T18:56:01.445Z"}
{"level":"info","message":"Conexão com o banco de dados testada com sucesso","timestamp":"2025-04-20T18:56:02.121Z"}
{"level":"info","message":"Conexão com o banco de dados testada com sucesso","timestamp":"2025-04-20T18:56:02.830Z"}
{"level":"info","message":"Conexão com o banco de dados testada com sucesso","timestamp":"2025-04-20T18:56:03.459Z"}
{"level":"info","message":"Conexão com o banco de dados testada com sucesso","timestamp":"2025-04-20T18:56:04.163Z"}
{"level":"info","message":"Conexão com o banco de dados testada com sucesso","timestamp":"2025-04-20T18:56:04.761Z"}
{"level":"info","message":"Conexão com o banco de dados testada com sucesso","timestamp":"2025-04-20T18:56:05.330Z"}
{"level":"info","message":"Conexão com o banco de dados testada com sucesso","timestamp":"2025-04-20T18:56:05.912Z"}
{"level":"info","message":"Conexão com o banco de dados testada com sucesso","timestamp":"2025-04-20T18:56:06.501Z"}
{"level":"info","message":"Conexão com o banco de dados testada com sucesso","timestamp":"2025-04-20T18:56:07.114Z"}
{"level":"info","message":"Conexão com o banco de dados testada com sucesso","timestamp":"2025-04-20T18:56:07.542Z"}
{"level":"info","message":"Conexão com o banco de dados testada com sucesso","timestamp":"2025-04-20T18:56:08.125Z"}
{"level":"info","message":"Conexão com o banco de dados testada com sucesso","timestamp":"2025-04-20T18:56:08.560Z"}
{"level":"info","message":"Conexão com o banco de dados testada com sucesso","timestamp":"2025-04-20T18:56:09.145Z"}
{"level":"info","message":"Conexão com o banco de dados testada com sucesso","timestamp":"2025-04-20T18:56:09.579Z"}
{"level":"info","message":"Conexão com o banco de dados testada com sucesso","timestamp":"2025-04-20T18:56:10.144Z"}
{"level":"info","message":"Conexão com o banco de dados testada com sucesso","timestamp":"2025-04-20T18:56:10.578Z"}
{"level":"info","message":"Conexão com o banco de dados testada com sucesso","timestamp":"2025-04-20T18:56:11.148Z"}
{"level":"info","message":"Conexão com o banco de dados testada com sucesso","timestamp":"2025-04-20T18:56:11.895Z"}
{"level":"info","message":"Conexão com o banco de dados testada com sucesso","timestamp":"2025-04-20T18:56:12.176Z"}
{"level":"info","message":"Conexão com o banco de dados testada com sucesso","timestamp":"2025-04-20T18:56:12.690Z"}
{"level":"info","message":"Conexão com o banco de dados testada com sucesso","timestamp":"2025-04-20T18:56:13.259Z"}
{"level":"info","message":"Conexão com o banco de dados testada com sucesso","timestamp":"2025-04-20T18:56:13.825Z"}
{"level":"info","message":"Conexão com o banco de dados testada com sucesso","timestamp":"2025-04-20T18:56:14.330Z"}
{"level":"info","message":"Conexão com o banco de dados testada com sucesso","timestamp":"2025-04-20T18:56:14.942Z"}
{"level":"info","message":"Conexão com o banco de dados testada com sucesso","timestamp":"2025-04-20T18:56:15.414Z"}
{"level":"info","message":"Conexão com o banco de dados testada com sucesso","timestamp":"2025-04-20T18:56:15.959Z"}
{"level":"info","message":"Conexão com o banco de dados testada com sucesso","timestamp":"2025-04-20T18:56:16.451Z"}
{"level":"info","message":"Conexão com o banco de dados testada com sucesso","timestamp":"2025-04-20T18:56:17.039Z"}
{"level":"info","message":"Conexão com o banco de dados testada com sucesso","timestamp":"2025-04-20T18:56:17.477Z"}
{"level":"info","message":"Conexão com o banco de dados testada com sucesso","timestamp":"2025-04-20T18:56:18.112Z"}
{"level":"info","message":"Conexão com o banco de dados testada com sucesso","timestamp":"2025-04-20T18:56:18.623Z"}
{"level":"info","message":"Conexão com o banco de dados testada com sucesso","timestamp":"2025-04-20T18:56:19.294Z"}
{"level":"info","message":"Conexão com o banco de dados testada com sucesso","timestamp":"2025-04-20T18:56:19.791Z"}
{"level":"info","message":"Conexão com o banco de dados testada com sucesso","timestamp":"2025-04-20T18:56:20.355Z"}
{"level":"info","message":"Conexão com o banco de dados testada com sucesso","timestamp":"2025-04-20T18:56:20.745Z"}
{"level":"info","message":"Conexão com o banco de dados testada com sucesso","timestamp":"2025-04-20T18:56:21.305Z"}
{"level":"info","message":"Conexão com o banco de dados testada com sucesso","timestamp":"2025-04-20T18:56:21.674Z"}
{"level":"info","message":"Conexão com o banco de dados testada com sucesso","timestamp":"2025-04-20T18:56:22.222Z"}
{"level":"info","message":"Conexão com o banco de dados testada com sucesso","timestamp":"2025-04-20T18:56:22.563Z"}
{"level":"info","message":"Conexão com o banco de dados testada com sucesso","timestamp":"2025-04-20T18:56:23.133Z"}
{"level":"info","message":"Conexão com o banco de dados testada com sucesso","timestamp":"2025-04-20T18:56:23.403Z"}
{"level":"info","message":"Conexão com o banco de dados testada com sucesso","timestamp":"2025-04-20T18:56:23.959Z"}
{"level":"info","message":"Conexão com o banco de dados testada com sucesso","timestamp":"2025-04-20T18:56:24.218Z"}
{"level":"info","message":"Conexão com o banco de dados testada com sucesso","timestamp":"2025-04-20T18:56:24.782Z"}
{"level":"info","message":"Conexão com o banco de dados testada com sucesso","timestamp":"2025-04-20T18:56:25.159Z"}
{"level":"info","message":"Conexão com o banco de dados testada com sucesso","timestamp":"2025-04-20T18:56:25.739Z"}
{"level":"info","message":"Conexão com o banco de dados testada com sucesso","timestamp":"2025-04-20T18:56:26.029Z"}
{"level":"info","message":"Conexão com o banco de dados testada com sucesso","timestamp":"2025-04-20T18:56:26.596Z"}
{"level":"info","message":"Conexão com o banco de dados testada com sucesso","timestamp":"2025-04-20T18:56:26.908Z"}
{"level":"info","message":"Conexão com o banco de dados testada com sucesso","timestamp":"2025-04-20T18:56:27.474Z"}
{"level":"info","message":"Conexão com o banco de dados testada com sucesso","timestamp":"2025-04-20T18:56:27.775Z"}
{"level":"info","message":"Conexão com o banco de dados testada com sucesso","timestamp":"2025-04-20T18:56:28.361Z"}
{"level":"info","message":"Conexão com o banco de dados testada com sucesso","timestamp":"2025-04-20T18:56:28.649Z"}
{"level":"info","message":"Conexão com o banco de dados testada com sucesso","timestamp":"2025-04-20T18:56:29.224Z"}
{"level":"info","message":"Conexão com o banco de dados testada com sucesso","timestamp":"2025-04-20T18:56:29.573Z"}
{"level":"info","message":"Conexão com o banco de dados testada com sucesso","timestamp":"2025-04-20T18:56:30.119Z"}
{"level":"info","message":"Conexão com o banco de dados testada com sucesso","timestamp":"2025-04-20T18:56:30.414Z"}
{"level":"info","message":"Conexão com o banco de dados testada com sucesso","timestamp":"2025-04-20T18:56:31.237Z"}
{"level":"info","message":"Conexão com o banco de dados testada com sucesso","timestamp":"2025-04-20T18:56:31.581Z"}
{"level":"info","message":"Conexão com o banco de dados testada com sucesso","timestamp":"2025-04-20T18:56:32.019Z"}
{"level":"info","message":"Conexão com o banco de dados testada com sucesso","timestamp":"2025-04-20T18:56:32.547Z"}
{"level":"info","message":"Conexão com o banco de dados testada com sucesso","timestamp":"2025-04-20T18:56:32.831Z"}
{"level":"info","message":"Conexão com o banco de dados testada com sucesso","timestamp":"2025-04-20T18:56:33.429Z"}
{"level":"info","message":"Conexão com o banco de dados testada com sucesso","timestamp":"2025-04-20T18:56:55.887Z"}
{"level":"info","message":"Conexão com o banco de dados testada com sucesso","timestamp":"2025-04-20T18:56:57.897Z"}
{"level":"info","message":"Conexão com o banco de dados testada com sucesso","timestamp":"2025-04-20T18:56:58.471Z"}
{"level":"info","message":"Conexão com o banco de dados testada com sucesso","timestamp":"2025-04-20T18:57:04.445Z"}
{"level":"info","message":"Conexão com o banco de dados testada com sucesso","timestamp":"2025-04-20T18:58:11.168Z"}
{"level":"info","message":"🚀 Servidor rodando em http://localhost:4000","timestamp":"2025-04-20T18:58:11.202Z"}
{"level":"info","message":"🌍 Ambiente: development","timestamp":"2025-04-20T18:58:11.204Z"}
{"level":"info","message":"🔒 CORS configurado para: http://localhost:3000,http://localhost:4000,http://127.0.0.1:5500,http://127.0.0.1:5503","timestamp":"2025-04-20T18:58:11.205Z"}
{"level":"info","message":"Conexão com o banco de dados testada com sucesso","timestamp":"2025-04-20T18:58:16.576Z"}
{"level":"info","message":"Conexão com o banco de dados testada com sucesso","timestamp":"2025-04-20T18:58:50.727Z"}
{"level":"info","message":"Conexão com o banco de dados testada com sucesso","timestamp":"2025-04-20T19:00:04.605Z"}
{"level":"info","message":"Conexão com o banco de dados testada com sucesso","timestamp":"2025-04-20T19:00:05.151Z"}
{"level":"info","message":"Conexão com o banco de dados testada com sucesso","timestamp":"2025-04-20T19:00:05.444Z"}
{"level":"info","message":"Conexão com o banco de dados testada com sucesso","timestamp":"2025-04-20T19:00:06.055Z"}
{"level":"info","message":"Conexão com o banco de dados testada com sucesso","timestamp":"2025-04-20T19:00:06.322Z"}
{"level":"info","message":"Conexão com o banco de dados testada com sucesso","timestamp":"2025-04-20T19:00:06.915Z"}
{"level":"info","message":"Conexão com o banco de dados testada com sucesso","timestamp":"2025-04-20T19:00:07.163Z"}
{"level":"info","message":"Conexão com o banco de dados testada com sucesso","timestamp":"2025-04-20T19:00:07.817Z"}
{"level":"info","message":"Conexão com o banco de dados testada com sucesso","timestamp":"2025-04-20T19:00:08.236Z"}
{"level":"info","message":"Conexão com o banco de dados testada com sucesso","timestamp":"2025-04-20T19:00:08.761Z"}
{"level":"info","message":"Conexão com o banco de dados testada com sucesso","timestamp":"2025-04-20T19:00:09.301Z"}
{"level":"info","message":"Conexão com o banco de dados testada com sucesso","timestamp":"2025-04-20T19:00:09.556Z"}
{"level":"info","message":"Conexão com o banco de dados testada com sucesso","timestamp":"2025-04-20T19:00:10.138Z"}
{"level":"info","message":"Conexão com o banco de dados testada com sucesso","timestamp":"2025-04-20T19:00:10.762Z"}
{"level":"info","message":"Conexão com o banco de dados testada com sucesso","timestamp":"2025-04-20T19:00:10.966Z"}
{"level":"info","message":"Conexão com o banco de dados testada com sucesso","timestamp":"2025-04-20T19:00:11.379Z"}
{"level":"info","message":"Conexão com o banco de dados testada com sucesso","timestamp":"2025-04-20T19:00:11.733Z"}
{"level":"info","message":"Conexão com o banco de dados testada com sucesso","timestamp":"2025-04-20T19:00:12.308Z"}
{"level":"info","message":"Conexão com o banco de dados testada com sucesso","timestamp":"2025-04-20T19:00:13.144Z"}
{"level":"info","message":"Conexão com o banco de dados testada com sucesso","timestamp":"2025-04-20T19:00:13.389Z"}
{"level":"info","message":"Conexão com o banco de dados testada com sucesso","timestamp":"2025-04-20T19:00:13.632Z"}
{"level":"info","message":"Conexão com o banco de dados testada com sucesso","timestamp":"2025-04-20T19:00:14.186Z"}
{"level":"info","message":"Conexão com o banco de dados testada com sucesso","timestamp":"2025-04-20T19:00:14.457Z"}
{"level":"info","message":"Conexão com o banco de dados testada com sucesso","timestamp":"2025-04-20T19:00:14.979Z"}
{"level":"info","message":"Conexão com o banco de dados testada com sucesso","timestamp":"2025-04-20T19:00:15.278Z"}
{"level":"info","message":"Conexão com o banco de dados testada com sucesso","timestamp":"2025-04-20T19:00:15.842Z"}
{"level":"info","message":"Conexão com o banco de dados testada com sucesso","timestamp":"2025-04-20T19:00:16.373Z"}
{"level":"info","message":"Conexão com o banco de dados testada com sucesso","timestamp":"2025-04-20T19:00:16.598Z"}
{"level":"info","message":"Conexão com o banco de dados testada com sucesso","timestamp":"2025-04-20T19:00:17.160Z"}
{"level":"info","message":"Conexão com o banco de dados testada com sucesso","timestamp":"2025-04-20T19:00:17.913Z"}
{"level":"info","message":"Conexão com o banco de dados testada com sucesso","timestamp":"2025-04-20T19:00:18.321Z"}
{"level":"info","message":"Conexão com o banco de dados testada com sucesso","timestamp":"2025-04-20T19:00:18.849Z"}
{"level":"info","message":"Conexão com o banco de dados testada com sucesso","timestamp":"2025-04-20T19:00:19.117Z"}
{"level":"info","message":"Conexão com o banco de dados testada com sucesso","timestamp":"2025-04-20T19:00:19.688Z"}
{"level":"info","message":"Conexão com o banco de dados testada com sucesso","timestamp":"2025-04-20T19:00:20.224Z"}
{"level":"info","message":"Conexão com o banco de dados testada com sucesso","timestamp":"2025-04-20T19:00:20.477Z"}
{"level":"info","message":"Conexão com o banco de dados testada com sucesso","timestamp":"2025-04-20T19:00:21.024Z"}
{"level":"info","message":"Conexão com o banco de dados testada com sucesso","timestamp":"2025-04-20T19:00:21.244Z"}
{"level":"info","message":"Conexão com o banco de dados testada com sucesso","timestamp":"2025-04-20T19:00:21.855Z"}
{"level":"info","message":"Conexão com o banco de dados testada com sucesso","timestamp":"2025-04-20T19:00:22.207Z"}
{"level":"info","message":"Conexão com o banco de dados testada com sucesso","timestamp":"2025-04-20T19:00:23.084Z"}
{"level":"info","message":"Conexão com o banco de dados testada com sucesso","timestamp":"2025-04-20T19:00:23.348Z"}
{"level":"info","message":"Conexão com o banco de dados testada com sucesso","timestamp":"2025-04-20T19:00:23.556Z"}
{"level":"info","message":"Conexão com o banco de dados testada com sucesso","timestamp":"2025-04-20T19:00:24.124Z"}
{"level":"info","message":"Conexão com o banco de dados testada com sucesso","timestamp":"2025-04-20T19:00:24.407Z"}
{"level":"info","message":"Conexão com o banco de dados testada com sucesso","timestamp":"2025-04-20T19:00:25.014Z"}
{"level":"info","message":"Conexão com o banco de dados testada com sucesso","timestamp":"2025-04-20T19:00:25.385Z"}
{"level":"info","message":"Conexão com o banco de dados testada com sucesso","timestamp":"2025-04-20T19:00:25.916Z"}
{"level":"info","message":"Conexão com o banco de dados testada com sucesso","timestamp":"2025-04-20T19:00:26.189Z"}
{"level":"info","message":"Conexão com o banco de dados testada com sucesso","timestamp":"2025-04-20T19:00:26.769Z"}
{"level":"info","message":"Conexão com o banco de dados testada com sucesso","timestamp":"2025-04-20T19:00:27.279Z"}
{"level":"info","message":"Conexão com o banco de dados testada com sucesso","timestamp":"2025-04-20T19:00:27.524Z"}
{"level":"info","message":"Conexão com o banco de dados testada com sucesso","timestamp":"2025-04-20T19:00:28.067Z"}
{"level":"info","message":"Conexão com o banco de dados testada com sucesso","timestamp":"2025-04-20T19:00:28.326Z"}
{"level":"info","message":"Conexão com o banco de dados testada com sucesso","timestamp":"2025-04-20T19:00:28.880Z"}
{"level":"info","message":"Conexão com o banco de dados testada com sucesso","timestamp":"2025-04-20T19:00:29.454Z"}
{"level":"info","message":"Conexão com o banco de dados testada com sucesso","timestamp":"2025-04-20T19:00:29.725Z"}
{"level":"info","message":"Conexão com o banco de dados testada com sucesso","timestamp":"2025-04-20T19:00:30.325Z"}
{"level":"info","message":"Conexão com o banco de dados testada com sucesso","timestamp":"2025-04-20T19:00:30.717Z"}
{"level":"info","message":"Conexão com o banco de dados testada com sucesso","timestamp":"2025-04-20T19:00:31.253Z"}
{"level":"info","message":"Conexão com o banco de dados testada com sucesso","timestamp":"2025-04-20T19:00:31.679Z"}
{"level":"info","message":"Conexão com o banco de dados testada com sucesso","timestamp":"2025-04-20T19:00:32.254Z"}
{"level":"info","message":"Conexão com o banco de dados testada com sucesso","timestamp":"2025-04-20T19:00:32.584Z"}
{"level":"info","message":"Conexão com o banco de dados testada com sucesso","timestamp":"2025-04-20T19:00:33.216Z"}
{"level":"info","message":"Conexão com o banco de dados testada com sucesso","timestamp":"2025-04-20T19:00:33.771Z"}
{"level":"info","message":"Conexão com o banco de dados testada com sucesso","timestamp":"2025-04-20T19:00:34.433Z"}
{"level":"info","message":"Conexão com o banco de dados testada com sucesso","timestamp":"2025-04-20T19:00:34.998Z"}
{"level":"info","message":"Conexão com o banco de dados testada com sucesso","timestamp":"2025-04-20T19:00:35.479Z"}
{"level":"info","message":"Conexão com o banco de dados testada com sucesso","timestamp":"2025-04-20T19:00:36.041Z"}
{"level":"info","message":"Conexão com o banco de dados testada com sucesso","timestamp":"2025-04-20T19:00:36.468Z"}
{"level":"info","message":"Conexão com o banco de dados testada com sucesso","timestamp":"2025-04-20T19:00:37.004Z"}
{"level":"info","message":"Conexão com o banco de dados testada com sucesso","timestamp":"2025-04-20T19:00:37.352Z"}
{"level":"info","message":"Conexão com o banco de dados testada com sucesso","timestamp":"2025-04-20T19:00:37.917Z"}
{"level":"info","message":"Conexão com o banco de dados testada com sucesso","timestamp":"2025-04-20T19:00:38.314Z"}
{"level":"info","message":"Conexão com o banco de dados testada com sucesso","timestamp":"2025-04-20T19:00:38.917Z"}
{"level":"info","message":"Conexão com o banco de dados testada com sucesso","timestamp":"2025-04-20T19:00:39.447Z"}
{"level":"info","message":"Conexão com o banco de dados testada com sucesso","timestamp":"2025-04-20T19:00:39.961Z"}
{"level":"info","message":"Conexão com o banco de dados testada com sucesso","timestamp":"2025-04-20T19:00:40.511Z"}
{"level":"info","message":"Conexão com o banco de dados testada com sucesso","timestamp":"2025-04-20T19:00:40.909Z"}
{"level":"info","message":"Conexão com o banco de dados testada com sucesso","timestamp":"2025-04-20T19:00:41.459Z"}
{"level":"info","message":"Conexão com o banco de dados testada com sucesso","timestamp":"2025-04-20T19:00:41.866Z"}
{"level":"info","message":"Conexão com o banco de dados testada com sucesso","timestamp":"2025-04-20T19:00:42.395Z"}
{"level":"info","message":"Conexão com o banco de dados testada com sucesso","timestamp":"2025-04-20T19:00:42.823Z"}
{"level":"info","message":"Conexão com o banco de dados testada com sucesso","timestamp":"2025-04-20T19:00:43.406Z"}
{"level":"info","message":"Conexão com o banco de dados testada com sucesso","timestamp":"2025-04-20T19:00:43.841Z"}
{"level":"info","message":"Conexão com o banco de dados testada com sucesso","timestamp":"2025-04-20T19:00:44.452Z"}
{"level":"info","message":"Conexão com o banco de dados testada com sucesso","timestamp":"2025-04-20T19:00:44.939Z"}
{"level":"info","message":"Conexão com o banco de dados testada com sucesso","timestamp":"2025-04-20T19:00:45.556Z"}
{"level":"info","message":"Conexão com o banco de dados testada com sucesso","timestamp":"2025-04-20T19:00:46.099Z"}
{"level":"info","message":"Conexão com o banco de dados testada com sucesso","timestamp":"2025-04-20T19:00:46.836Z"}
{"level":"info","message":"Conexão com o banco de dados testada com sucesso","timestamp":"2025-04-20T19:00:47.394Z"}
{"level":"info","message":"Conexão com o banco de dados testada com sucesso","timestamp":"2025-04-20T19:00:47.979Z"}
{"level":"info","message":"Conexão com o banco de dados testada com sucesso","timestamp":"2025-04-20T19:00:48.612Z"}
{"level":"info","message":"Conexão com o banco de dados testada com sucesso","timestamp":"2025-04-20T19:00:49.133Z"}
{"level":"info","message":"Conexão com o banco de dados testada com sucesso","timestamp":"2025-04-20T19:00:49.640Z"}
{"level":"info","message":"Conexão com o banco de dados testada com sucesso","timestamp":"2025-04-20T19:00:50.181Z"}
{"level":"info","message":"Conexão com o banco de dados testada com sucesso","timestamp":"2025-04-20T19:00:50.762Z"}
{"level":"info","message":"Conexão com o banco de dados testada com sucesso","timestamp":"2025-04-20T19:00:51.277Z"}
{"level":"info","message":"Conexão com o banco de dados testada com sucesso","timestamp":"2025-04-20T19:00:51.804Z"}
{"level":"info","message":"Conexão com o banco de dados testada com sucesso","timestamp":"2025-04-20T19:00:52.287Z"}
{"level":"info","message":"Conexão com o banco de dados testada com sucesso","timestamp":"2025-04-20T19:02:03.859Z"}
{"level":"info","message":"🚀 Servidor rodando em http://localhost:4000","timestamp":"2025-04-20T19:02:03.902Z"}
{"level":"info","message":"🌍 Ambiente: development","timestamp":"2025-04-20T19:02:03.904Z"}
{"level":"info","message":"🔒 CORS configurado para: http://localhost:3000,http://localhost:4000,http://127.0.0.1:5500,http://127.0.0.1:5503","timestamp":"2025-04-20T19:02:03.905Z"}
{"level":"info","message":"Conexão com o banco de dados testada com sucesso","timestamp":"2025-04-20T19:02:06.881Z"}
{"level":"info","message":"Conexão com o banco de dados testada com sucesso","timestamp":"2025-04-20T19:02:30.977Z"}
{"level":"info","message":"Conexão com o banco de dados testada com sucesso","timestamp":"2025-04-20T19:02:38.655Z"}
{"level":"info","message":"Conexão com o banco de dados testada com sucesso","timestamp":"2025-04-20T19:02:39.247Z"}
{"level":"info","message":"Conexão com o banco de dados testada com sucesso","timestamp":"2025-04-20T19:02:39.684Z"}
{"level":"info","message":"Conexão com o banco de dados testada com sucesso","timestamp":"2025-04-20T19:02:40.253Z"}
{"level":"info","message":"Conexão com o banco de dados testada com sucesso","timestamp":"2025-04-20T19:02:40.650Z"}
{"level":"info","message":"Conexão com o banco de dados testada com sucesso","timestamp":"2025-04-20T19:02:41.253Z"}
{"level":"info","message":"Conexão com o banco de dados testada com sucesso","timestamp":"2025-04-20T19:02:41.685Z"}
{"level":"info","message":"Conexão com o banco de dados testada com sucesso","timestamp":"2025-04-20T19:02:42.332Z"}
{"level":"info","message":"Conexão com o banco de dados testada com sucesso","timestamp":"2025-04-20T19:02:42.870Z"}
{"level":"info","message":"Conexão com o banco de dados testada com sucesso","timestamp":"2025-04-20T19:02:43.467Z"}
{"level":"info","message":"Conexão com o banco de dados testada com sucesso","timestamp":"2025-04-20T19:02:43.839Z"}
{"level":"info","message":"Conexão com o banco de dados testada com sucesso","timestamp":"2025-04-20T19:02:44.376Z"}
{"level":"info","message":"Conexão com o banco de dados testada com sucesso","timestamp":"2025-04-20T19:02:44.735Z"}
{"level":"info","message":"Conexão com o banco de dados testada com sucesso","timestamp":"2025-04-20T19:02:45.339Z"}
{"level":"info","message":"Conexão com o banco de dados testada com sucesso","timestamp":"2025-04-20T19:02:45.699Z"}
{"level":"info","message":"Conexão com o banco de dados testada com sucesso","timestamp":"2025-04-20T19:02:46.240Z"}
{"level":"info","message":"Conexão com o banco de dados testada com sucesso","timestamp":"2025-04-20T19:02:46.550Z"}
{"level":"info","message":"Conexão com o banco de dados testada com sucesso","timestamp":"2025-04-20T19:02:47.120Z"}
{"level":"info","message":"Conexão com o banco de dados testada com sucesso","timestamp":"2025-04-20T19:02:47.461Z"}
{"level":"info","message":"Conexão com o banco de dados testada com sucesso","timestamp":"2025-04-20T19:02:48.061Z"}
{"level":"info","message":"Conexão com o banco de dados testada com sucesso","timestamp":"2025-04-20T19:02:48.459Z"}
{"level":"info","message":"Conexão com o banco de dados testada com sucesso","timestamp":"2025-04-20T19:02:49.113Z"}
{"level":"info","message":"Conexão com o banco de dados testada com sucesso","timestamp":"2025-04-20T19:02:49.739Z"}
{"level":"info","message":"Conexão com o banco de dados testada com sucesso","timestamp":"2025-04-20T19:02:50.325Z"}
{"level":"info","message":"Conexão com o banco de dados testada com sucesso","timestamp":"2025-04-20T19:02:50.904Z"}
{"level":"info","message":"Conexão com o banco de dados testada com sucesso","timestamp":"2025-04-20T19:02:51.485Z"}
{"level":"info","message":"Conexão com o banco de dados testada com sucesso","timestamp":"2025-04-20T19:02:52.111Z"}
{"level":"info","message":"Conexão com o banco de dados testada com sucesso","timestamp":"2025-04-20T19:02:52.728Z"}
{"level":"info","message":"Conexão com o banco de dados testada com sucesso","timestamp":"2025-04-20T19:02:53.362Z"}
{"level":"info","message":"Conexão com o banco de dados testada com sucesso","timestamp":"2025-04-20T19:02:53.948Z"}
{"level":"info","message":"Conexão com o banco de dados testada com sucesso","timestamp":"2025-04-20T19:02:54.627Z"}
{"level":"info","message":"Conexão com o banco de dados testada com sucesso","timestamp":"2025-04-20T19:02:55.204Z"}
{"level":"info","message":"Conexão com o banco de dados testada com sucesso","timestamp":"2025-04-20T19:02:55.899Z"}
{"level":"info","message":"Conexão com o banco de dados testada com sucesso","timestamp":"2025-04-20T19:02:56.445Z"}
{"level":"info","message":"Conexão com o banco de dados testada com sucesso","timestamp":"2025-04-20T19:02:57.041Z"}
{"level":"info","message":"Conexão com o banco de dados testada com sucesso","timestamp":"2025-04-20T19:02:57.642Z"}
{"level":"info","message":"Conexão com o banco de dados testada com sucesso","timestamp":"2025-04-20T19:02:58.268Z"}
{"level":"info","message":"Conexão com o banco de dados testada com sucesso","timestamp":"2025-04-20T19:02:58.866Z"}
{"level":"info","message":"Conexão com o banco de dados testada com sucesso","timestamp":"2025-04-20T19:02:59.527Z"}
{"level":"info","message":"Conexão com o banco de dados testada com sucesso","timestamp":"2025-04-20T19:03:00.163Z"}
{"level":"info","message":"Conexão com o banco de dados testada com sucesso","timestamp":"2025-04-20T19:03:00.962Z"}
{"level":"info","message":"Conexão com o banco de dados testada com sucesso","timestamp":"2025-04-20T19:03:01.670Z"}
{"level":"info","message":"Conexão com o banco de dados testada com sucesso","timestamp":"2025-04-20T19:03:02.636Z"}
{"level":"info","message":"Conexão com o banco de dados testada com sucesso","timestamp":"2025-04-20T19:03:03.208Z"}
{"level":"info","message":"Conexão com o banco de dados testada com sucesso","timestamp":"2025-04-20T19:03:04.272Z"}
{"level":"info","message":"Conexão com o banco de dados testada com sucesso","timestamp":"2025-04-20T19:03:05.334Z"}
{"level":"info","message":"Conexão com o banco de dados testada com sucesso","timestamp":"2025-04-20T19:03:06.153Z"}
{"level":"info","message":"Conexão com o banco de dados testada com sucesso","timestamp":"2025-04-20T19:03:06.990Z"}
{"level":"info","message":"Conexão com o banco de dados testada com sucesso","timestamp":"2025-04-20T19:03:07.849Z"}
{"level":"info","message":"Conexão com o banco de dados testada com sucesso","timestamp":"2025-04-20T19:03:08.805Z"}
{"level":"info","message":"Conexão com o banco de dados testada com sucesso","timestamp":"2025-04-20T19:03:09.832Z"}
{"level":"info","message":"Conexão com o banco de dados testada com sucesso","timestamp":"2025-04-20T19:03:10.478Z"}
{"level":"info","message":"Conexão com o banco de dados testada com sucesso","timestamp":"2025-04-20T19:03:11.609Z"}
{"level":"info","message":"Conexão com o banco de dados testada com sucesso","timestamp":"2025-04-20T19:03:11.941Z"}
{"level":"info","message":"Conexão com o banco de dados testada com sucesso","timestamp":"2025-04-20T19:03:12.218Z"}
{"level":"info","message":"Conexão com o banco de dados testada com sucesso","timestamp":"2025-04-20T19:03:12.837Z"}
{"level":"info","message":"Conexão com o banco de dados testada com sucesso","timestamp":"2025-04-20T19:03:13.113Z"}
{"level":"info","message":"Conexão com o banco de dados testada com sucesso","timestamp":"2025-04-20T19:03:13.924Z"}
{"level":"info","message":"Conexão com o banco de dados testada com sucesso","timestamp":"2025-04-20T19:03:14.262Z"}
{"level":"info","message":"Conexão com o banco de dados testada com sucesso","timestamp":"2025-04-20T19:03:14.816Z"}
{"level":"info","message":"Conexão com o banco de dados testada com sucesso","timestamp":"2025-04-20T19:03:15.157Z"}
{"level":"info","message":"Conexão com o banco de dados testada com sucesso","timestamp":"2025-04-20T19:03:15.704Z"}
{"level":"info","message":"Conexão com o banco de dados testada com sucesso","timestamp":"2025-04-20T19:03:15.991Z"}
{"level":"info","message":"Conexão com o banco de dados testada com sucesso","timestamp":"2025-04-20T19:03:16.576Z"}
{"level":"info","message":"Conexão com o banco de dados testada com sucesso","timestamp":"2025-04-20T19:03:16.859Z"}
{"level":"info","message":"Conexão com o banco de dados testada com sucesso","timestamp":"2025-04-20T19:03:17.424Z"}
{"level":"info","message":"Conexão com o banco de dados testada com sucesso","timestamp":"2025-04-20T19:03:17.702Z"}
{"level":"info","message":"Conexão com o banco de dados testada com sucesso","timestamp":"2025-04-20T19:03:18.281Z"}
{"level":"info","message":"Conexão com o banco de dados testada com sucesso","timestamp":"2025-04-20T19:03:18.576Z"}
{"level":"info","message":"Conexão com o banco de dados testada com sucesso","timestamp":"2025-04-20T19:03:19.130Z"}
{"level":"info","message":"Conexão com o banco de dados testada com sucesso","timestamp":"2025-04-20T19:03:19.463Z"}
{"level":"info","message":"Conexão com o banco de dados testada com sucesso","timestamp":"2025-04-20T19:03:20.232Z"}
{"level":"info","message":"Conexão com o banco de dados testada com sucesso","timestamp":"2025-04-20T19:03:20.793Z"}
{"level":"info","message":"Conexão com o banco de dados testada com sucesso","timestamp":"2025-04-20T19:03:21.309Z"}
{"level":"info","message":"Conexão com o banco de dados testada com sucesso","timestamp":"2025-04-20T19:03:21.665Z"}
{"level":"info","message":"Conexão com o banco de dados testada com sucesso","timestamp":"2025-04-20T19:03:22.226Z"}
{"level":"info","message":"Conexão com o banco de dados testada com sucesso","timestamp":"2025-04-20T19:03:22.527Z"}
{"level":"info","message":"Conexão com o banco de dados testada com sucesso","timestamp":"2025-04-20T19:03:23.118Z"}
{"level":"info","message":"Conexão com o banco de dados testada com sucesso","timestamp":"2025-04-20T19:03:23.396Z"}
{"level":"info","message":"Conexão com o banco de dados testada com sucesso","timestamp":"2025-04-20T19:03:23.970Z"}
{"level":"info","message":"Conexão com o banco de dados testada com sucesso","timestamp":"2025-04-20T19:03:24.227Z"}
{"level":"info","message":"Conexão com o banco de dados testada com sucesso","timestamp":"2025-04-20T19:03:24.780Z"}
{"level":"info","message":"Conexão com o banco de dados testada com sucesso","timestamp":"2025-04-20T19:03:25.063Z"}
{"level":"info","message":"Conexão com o banco de dados testada com sucesso","timestamp":"2025-04-20T19:03:25.647Z"}
{"level":"info","message":"Conexão com o banco de dados testada com sucesso","timestamp":"2025-04-20T19:03:26.232Z"}
{"level":"info","message":"Conexão com o banco de dados testada com sucesso","timestamp":"2025-04-20T19:03:26.476Z"}
{"level":"info","message":"Conexão com o banco de dados testada com sucesso","timestamp":"2025-04-20T19:03:26.786Z"}
{"level":"info","message":"Conexão com o banco de dados testada com sucesso","timestamp":"2025-04-20T19:03:27.364Z"}
{"level":"info","message":"Conexão com o banco de dados testada com sucesso","timestamp":"2025-04-20T19:03:27.666Z"}
{"level":"info","message":"Conexão com o banco de dados testada com sucesso","timestamp":"2025-04-20T19:03:28.188Z"}
{"level":"info","message":"Conexão com o banco de dados testada com sucesso","timestamp":"2025-04-20T19:03:28.483Z"}
{"level":"info","message":"Conexão com o banco de dados testada com sucesso","timestamp":"2025-04-20T19:03:29.029Z"}
{"level":"info","message":"Conexão com o banco de dados testada com sucesso","timestamp":"2025-04-20T19:03:29.286Z"}
{"level":"info","message":"Conexão com o banco de dados testada com sucesso","timestamp":"2025-04-20T19:03:29.855Z"}
{"level":"info","message":"Conexão com o banco de dados testada com sucesso","timestamp":"2025-04-20T19:03:30.124Z"}
{"level":"info","message":"Conexão com o banco de dados testada com sucesso","timestamp":"2025-04-20T19:03:30.664Z"}
{"level":"info","message":"Conexão com o banco de dados testada com sucesso","timestamp":"2025-04-20T19:03:30.979Z"}
{"level":"info","message":"Conexão com o banco de dados testada com sucesso","timestamp":"2025-04-20T19:03:31.530Z"}
{"level":"info","message":"Conexão com o banco de dados testada com sucesso","timestamp":"2025-04-20T19:03:31.789Z"}
{"level":"info","message":"Conexão com o banco de dados testada com sucesso","timestamp":"2025-04-20T19:03:32.325Z"}
{"level":"info","message":"Conexão com o banco de dados testada com sucesso","timestamp":"2025-04-20T19:04:31.651Z"}
{"level":"info","message":"🚀 Servidor rodando em http://localhost:4000","timestamp":"2025-04-20T19:04:31.708Z"}
{"level":"info","message":"🌍 Ambiente: development","timestamp":"2025-04-20T19:04:31.744Z"}
{"level":"info","message":"🔒 CORS configurado para: http://localhost:3000,http://localhost:4000,http://127.0.0.1:5500,http://127.0.0.1:5503","timestamp":"2025-04-20T19:04:31.763Z"}
{"level":"info","message":"Conexão com o banco de dados testada com sucesso","timestamp":"2025-04-20T19:04:36.250Z"}
{"level":"info","message":"Conexão com o banco de dados testada com sucesso","timestamp":"2025-04-20T19:05:16.984Z"}
{"level":"info","message":"Conexão com o banco de dados testada com sucesso","timestamp":"2025-04-20T19:05:33.468Z"}
{"level":"info","message":"Conexão com o banco de dados testada com sucesso","timestamp":"2025-04-20T19:06:01.352Z"}
{"level":"info","message":"Conexão com o banco de dados testada com sucesso","timestamp":"2025-04-20T19:06:10.500Z"}
{"level":"info","message":"Conexão com o banco de dados testada com sucesso","timestamp":"2025-04-20T19:07:10.075Z"}
{"level":"info","message":"🚀 Servidor rodando em http://localhost:4000","timestamp":"2025-04-20T19:07:10.094Z"}
{"level":"info","message":"🌍 Ambiente: development","timestamp":"2025-04-20T19:07:10.096Z"}
{"level":"info","message":"🔒 CORS configurado para: http://localhost:3000,http://localhost:4000,http://127.0.0.1:5500,http://127.0.0.1:5503","timestamp":"2025-04-20T19:07:10.097Z"}
{"level":"info","message":"Conexão com o banco de dados testada com sucesso","timestamp":"2025-04-20T19:07:17.938Z"}
{"level":"info","message":"Conexão com o banco de dados testada com sucesso","timestamp":"2025-04-20T19:09:03.101Z"}
{"level":"info","message":"🚀 Servidor rodando em http://localhost:4000","timestamp":"2025-04-20T19:09:03.175Z"}
{"level":"info","message":"🌍 Ambiente: development","timestamp":"2025-04-20T19:09:03.177Z"}
{"level":"info","message":"🔒 CORS configurado para: http://localhost:3000,http://localhost:4000,http://127.0.0.1:5500,http://127.0.0.1:5503","timestamp":"2025-04-20T19:09:03.179Z"}
{"level":"info","message":"Conexão com o banco de dados testada com sucesso","timestamp":"2025-04-20T19:09:08.026Z"}
{"level":"info","message":"Conexão com o banco de dados testada com sucesso","timestamp":"2025-04-20T19:09:27.306Z"}
{"level":"info","message":"Conexão com o banco de dados testada com sucesso","timestamp":"2025-04-20T19:09:27.306Z"}
{"level":"info","message":"🚀 Servidor rodando em http://localhost:4000","timestamp":"2025-04-20T19:09:27.314Z"}
{"level":"info","message":"🌍 Ambiente: development","timestamp":"2025-04-20T19:09:27.315Z"}
{"level":"info","message":"🔒 CORS configurado para: http://localhost:3000,http://localhost:4000,http://127.0.0.1:5500,http://127.0.0.1:5503","timestamp":"2025-04-20T19:09:27.316Z"}
{"level":"info","message":"Conexão com o banco de dados testada com sucesso","timestamp":"2025-04-20T19:10:38.166Z"}
{"level":"info","message":"Conexão com o banco de dados testada com sucesso","timestamp":"2025-04-20T19:11:33.588Z"}
{"level":"info","message":"Conexão com o banco de dados testada com sucesso","timestamp":"2025-04-20T19:12:27.767Z"}
{"level":"info","message":"Conexão com o banco de dados testada com sucesso","timestamp":"2025-04-20T19:12:58.881Z"}
{"level":"info","message":"Conexão com o banco de dados testada com sucesso","timestamp":"2025-04-20T19:14:26.011Z"}
{"level":"info","message":"Conexão com o banco de dados testada com sucesso","timestamp":"2025-04-20T19:14:58.420Z"}
{"level":"info","message":"Conexão com o banco de dados testada com sucesso","timestamp":"2025-04-20T19:14:58.433Z"}
{"level":"info","message":"🚀 Servidor rodando em http://localhost:4000","timestamp":"2025-04-20T19:14:58.445Z"}
{"level":"info","message":"🌍 Ambiente: development","timestamp":"2025-04-20T19:14:58.446Z"}
{"level":"info","message":"🔒 CORS configurado para: http://localhost:3000,http://localhost:4000,http://127.0.0.1:5500,http://127.0.0.1:5503","timestamp":"2025-04-20T19:14:58.447Z"}
{"level":"info","message":"Conexão com o banco de dados testada com sucesso","timestamp":"2025-04-20T19:22:58.502Z"}
{"level":"info","message":"Conexão com o banco de dados testada com sucesso","timestamp":"2025-04-20T19:23:12.174Z"}
{"level":"info","message":"Conexão com o banco de dados testada com sucesso","timestamp":"2025-04-20T19:27:23.491Z"}
{"level":"info","message":"Conexão com o banco de dados testada com sucesso","timestamp":"2025-04-20T19:38:16.465Z"}
{"level":"info","message":"Conexão com o banco de dados testada com sucesso","timestamp":"2025-04-20T19:38:39.167Z"}
{"level":"info","message":"Conexão com o banco de dados testada com sucesso","timestamp":"2025-04-20T19:40:21.590Z"}
{"level":"info","message":"Conexão com o banco de dados testada com sucesso","timestamp":"2025-04-20T19:41:29.157Z"}
{"level":"info","message":"Conexão com o banco de dados testada com sucesso","timestamp":"2025-04-20T19:41:29.804Z"}
{"level":"info","message":"Conexão com o banco de dados testada com sucesso","timestamp":"2025-04-20T19:41:30.458Z"}
{"level":"info","message":"Conexão com o banco de dados testada com sucesso","timestamp":"2025-04-20T19:41:30.887Z"}
{"level":"info","message":"Conexão com o banco de dados testada com sucesso","timestamp":"2025-04-20T19:41:31.407Z"}
{"level":"info","message":"Conexão com o banco de dados testada com sucesso","timestamp":"2025-04-20T19:41:32.008Z"}
{"level":"info","message":"Conexão com o banco de dados testada com sucesso","timestamp":"2025-04-20T19:41:32.742Z"}
{"level":"info","message":"Conexão com o banco de dados testada com sucesso","timestamp":"2025-04-20T19:41:33.739Z"}
{"level":"info","message":"Conexão com o banco de dados testada com sucesso","timestamp":"2025-04-20T19:41:34.318Z"}
{"level":"info","message":"Conexão com o banco de dados testada com sucesso","timestamp":"2025-04-20T19:41:34.912Z"}
{"level":"info","message":"Conexão com o banco de dados testada com sucesso","timestamp":"2025-04-20T19:41:35.499Z"}
{"level":"info","message":"Conexão com o banco de dados testada com sucesso","timestamp":"2025-04-20T19:41:36.121Z"}
{"level":"info","message":"Conexão com o banco de dados testada com sucesso","timestamp":"2025-04-20T19:41:37.248Z"}
{"level":"info","message":"Conexão com o banco de dados testada com sucesso","timestamp":"2025-04-20T19:41:37.659Z"}
{"level":"info","message":"Conexão com o banco de dados testada com sucesso","timestamp":"2025-04-20T19:41:38.302Z"}
{"level":"info","message":"Conexão com o banco de dados testada com sucesso","timestamp":"2025-04-20T19:41:38.983Z"}
{"level":"info","message":"Conexão com o banco de dados testada com sucesso","timestamp":"2025-04-20T19:41:39.574Z"}
{"level":"info","message":"Conexão com o banco de dados testada com sucesso","timestamp":"2025-04-20T19:41:40.244Z"}
{"level":"info","message":"Conexão com o banco de dados testada com sucesso","timestamp":"2025-04-20T19:41:41.014Z"}
{"level":"info","message":"Conexão com o banco de dados testada com sucesso","timestamp":"2025-04-20T19:41:41.671Z"}
{"level":"info","message":"Conexão com o banco de dados testada com sucesso","timestamp":"2025-04-20T19:41:42.192Z"}
{"level":"info","message":"Conexão com o banco de dados testada com sucesso","timestamp":"2025-04-20T19:41:42.632Z"}
{"level":"info","message":"Conexão com o banco de dados testada com sucesso","timestamp":"2025-04-20T19:41:43.222Z"}
{"level":"info","message":"Conexão com o banco de dados testada com sucesso","timestamp":"2025-04-20T19:41:43.821Z"}
{"level":"info","message":"Conexão com o banco de dados testada com sucesso","timestamp":"2025-04-20T19:41:44.952Z"}
{"level":"info","message":"Conexão com o banco de dados testada com sucesso","timestamp":"2025-04-20T19:41:45.469Z"}
{"level":"info","message":"Conexão com o banco de dados testada com sucesso","timestamp":"2025-04-20T19:41:46.137Z"}
{"level":"info","message":"Conexão com o banco de dados testada com sucesso","timestamp":"2025-04-20T19:41:46.769Z"}
{"level":"info","message":"Conexão com o banco de dados testada com sucesso","timestamp":"2025-04-20T19:41:47.416Z"}
{"level":"info","message":"Conexão com o banco de dados testada com sucesso","timestamp":"2025-04-20T19:41:48.105Z"}
{"level":"info","message":"Conexão com o banco de dados testada com sucesso","timestamp":"2025-04-20T19:41:48.699Z"}
{"level":"info","message":"Conexão com o banco de dados testada com sucesso","timestamp":"2025-04-20T19:41:49.273Z"}
{"level":"info","message":"Conexão com o banco de dados testada com sucesso","timestamp":"2025-04-20T19:41:49.974Z"}
{"level":"info","message":"Conexão com o banco de dados testada com sucesso","timestamp":"2025-04-20T19:41:50.708Z"}
{"level":"info","message":"Conexão com o banco de dados testada com sucesso","timestamp":"2025-04-20T19:41:51.283Z"}
{"level":"info","message":"Conexão com o banco de dados testada com sucesso","timestamp":"2025-04-20T19:41:51.870Z"}
{"level":"info","message":"Conexão com o banco de dados testada com sucesso","timestamp":"2025-04-20T19:41:52.525Z"}
{"level":"info","message":"Conexão com o banco de dados testada com sucesso","timestamp":"2025-04-20T19:41:53.270Z"}
{"level":"info","message":"Conexão com o banco de dados testada com sucesso","timestamp":"2025-04-20T19:41:53.832Z"}
{"level":"info","message":"Conexão com o banco de dados testada com sucesso","timestamp":"2025-04-20T19:41:54.469Z"}
{"level":"info","message":"Conexão com o banco de dados testada com sucesso","timestamp":"2025-04-20T19:41:55.072Z"}
{"level":"info","message":"Conexão com o banco de dados testada com sucesso","timestamp":"2025-04-20T19:41:55.667Z"}
{"level":"info","message":"Conexão com o banco de dados testada com sucesso","timestamp":"2025-04-20T19:41:56.299Z"}
{"level":"info","message":"Conexão com o banco de dados testada com sucesso","timestamp":"2025-04-20T19:41:56.975Z"}
{"level":"info","message":"Conexão com o banco de dados testada com sucesso","timestamp":"2025-04-20T19:41:57.519Z"}
{"level":"info","message":"Conexão com o banco de dados testada com sucesso","timestamp":"2025-04-20T19:41:58.098Z"}
{"level":"info","message":"Conexão com o banco de dados testada com sucesso","timestamp":"2025-04-20T19:41:59.125Z"}
{"level":"info","message":"Conexão com o banco de dados testada com sucesso","timestamp":"2025-04-20T19:41:59.464Z"}
{"level":"info","message":"Conexão com o banco de dados testada com sucesso","timestamp":"2025-04-20T19:42:00.070Z"}
{"level":"info","message":"Conexão com o banco de dados testada com sucesso","timestamp":"2025-04-20T19:42:00.753Z"}
{"level":"info","message":"Conexão com o banco de dados testada com sucesso","timestamp":"2025-04-20T19:42:01.552Z"}
{"level":"info","message":"Conexão com o banco de dados testada com sucesso","timestamp":"2025-04-20T19:42:02.232Z"}
{"level":"info","message":"Conexão com o banco de dados testada com sucesso","timestamp":"2025-04-20T19:42:02.804Z"}
{"level":"info","message":"Conexão com o banco de dados testada com sucesso","timestamp":"2025-04-20T19:42:03.470Z"}
{"level":"info","message":"Conexão com o banco de dados testada com sucesso","timestamp":"2025-04-20T19:42:04.040Z"}
{"level":"info","message":"Conexão com o banco de dados testada com sucesso","timestamp":"2025-04-20T19:42:04.624Z"}
{"level":"info","message":"Conexão com o banco de dados testada com sucesso","timestamp":"2025-04-20T19:42:05.174Z"}
{"level":"info","message":"Conexão com o banco de dados testada com sucesso","timestamp":"2025-04-20T19:42:05.673Z"}
{"level":"info","message":"Conexão com o banco de dados testada com sucesso","timestamp":"2025-04-20T19:42:06.198Z"}
{"level":"info","message":"Conexão com o banco de dados testada com sucesso","timestamp":"2025-04-20T19:42:06.587Z"}
{"level":"info","message":"Conexão com o banco de dados testada com sucesso","timestamp":"2025-04-20T19:42:07.162Z"}
{"level":"info","message":"Conexão com o banco de dados testada com sucesso","timestamp":"2025-04-20T19:42:07.534Z"}
{"level":"info","message":"Conexão com o banco de dados testada com sucesso","timestamp":"2025-04-20T19:42:12.091Z"}
{"level":"info","message":"Conexão com o banco de dados testada com sucesso","timestamp":"2025-04-20T19:42:13.545Z"}
{"level":"info","message":"Conexão com o banco de dados testada com sucesso","timestamp":"2025-04-20T19:42:22.536Z"}
{"level":"info","message":"Conexão com o banco de dados testada com sucesso","timestamp":"2025-04-20T19:42:57.940Z"}
{"level":"info","message":"Conexão com o banco de dados testada com sucesso","timestamp":"2025-04-20T19:43:01.761Z"}
{"level":"info","message":"Conexão com o banco de dados testada com sucesso","timestamp":"2025-04-20T19:43:04.561Z"}
{"level":"info","message":"Conexão com o banco de dados testada com sucesso","timestamp":"2025-04-20T19:43:05.010Z"}
{"level":"info","message":"Conexão com o banco de dados testada com sucesso","timestamp":"2025-04-20T19:43:11.460Z"}
{"level":"info","message":"Conexão com o banco de dados testada com sucesso","timestamp":"2025-04-20T19:43:14.656Z"}
{"level":"info","message":"Conexão com o banco de dados testada com sucesso","timestamp":"2025-04-20T19:43:21.993Z"}
{"level":"info","message":"Conexão com o banco de dados testada com sucesso","timestamp":"2025-04-20T19:43:46.588Z"}
{"level":"info","message":"Conexão com o banco de dados testada com sucesso","timestamp":"2025-04-20T19:44:05.089Z"}
{"level":"info","message":"Conexão com o banco de dados testada com sucesso","timestamp":"2025-04-20T19:45:59.992Z"}
{"level":"info","message":"Conexão com o banco de dados testada com sucesso","timestamp":"2025-04-20T19:46:00.508Z"}
{"level":"info","message":"Conexão com o banco de dados testada com sucesso","timestamp":"2025-04-20T19:46:01.023Z"}
{"level":"info","message":"Conexão com o banco de dados testada com sucesso","timestamp":"2025-04-20T19:46:01.593Z"}
{"level":"info","message":"Conexão com o banco de dados testada com sucesso","timestamp":"2025-04-20T19:46:02.100Z"}
{"level":"info","message":"Conexão com o banco de dados testada com sucesso","timestamp":"2025-04-20T19:46:02.684Z"}
{"level":"info","message":"Conexão com o banco de dados testada com sucesso","timestamp":"2025-04-20T19:46:03.395Z"}
{"level":"info","message":"Conexão com o banco de dados testada com sucesso","timestamp":"2025-04-20T19:46:03.897Z"}
{"level":"info","message":"Conexão com o banco de dados testada com sucesso","timestamp":"2025-04-20T19:46:04.419Z"}
{"level":"info","message":"Conexão com o banco de dados testada com sucesso","timestamp":"2025-04-20T19:46:04.890Z"}
{"level":"info","message":"Conexão com o banco de dados testada com sucesso","timestamp":"2025-04-20T19:46:05.458Z"}
{"level":"info","message":"Conexão com o banco de dados testada com sucesso","timestamp":"2025-04-20T19:46:05.835Z"}
{"level":"info","message":"Conexão com o banco de dados testada com sucesso","timestamp":"2025-04-20T19:46:06.376Z"}
{"level":"info","message":"Conexão com o banco de dados testada com sucesso","timestamp":"2025-04-20T19:46:06.825Z"}
{"level":"info","message":"Conexão com o banco de dados testada com sucesso","timestamp":"2025-04-20T19:46:07.402Z"}
{"level":"info","message":"Conexão com o banco de dados testada com sucesso","timestamp":"2025-04-20T19:46:07.772Z"}
{"level":"info","message":"Conexão com o banco de dados testada com sucesso","timestamp":"2025-04-20T19:46:08.316Z"}
{"level":"info","message":"Conexão com o banco de dados testada com sucesso","timestamp":"2025-04-20T19:46:08.733Z"}
{"level":"info","message":"Conexão com o banco de dados testada com sucesso","timestamp":"2025-04-20T19:46:09.297Z"}
{"level":"info","message":"Conexão com o banco de dados testada com sucesso","timestamp":"2025-04-20T19:46:09.686Z"}
{"level":"info","message":"Conexão com o banco de dados testada com sucesso","timestamp":"2025-04-20T19:46:10.217Z"}
{"level":"info","message":"Conexão com o banco de dados testada com sucesso","timestamp":"2025-04-20T19:46:10.586Z"}
{"level":"info","message":"Conexão com o banco de dados testada com sucesso","timestamp":"2025-04-20T19:46:11.176Z"}
{"level":"info","message":"Conexão com o banco de dados testada com sucesso","timestamp":"2025-04-20T19:46:11.570Z"}
{"level":"info","message":"Conexão com o banco de dados testada com sucesso","timestamp":"2025-04-20T19:47:03.739Z"}
{"level":"info","message":"Conexão com o banco de dados testada com sucesso","timestamp":"2025-04-20T19:47:06.528Z"}
{"level":"info","message":"Conexão com o banco de dados testada com sucesso","timestamp":"2025-04-20T19:47:12.604Z"}
{"level":"info","message":"Conexão com o banco de dados testada com sucesso","timestamp":"2025-04-20T19:47:18.908Z"}
{"level":"info","message":"Conexão com o banco de dados testada com sucesso","timestamp":"2025-04-20T19:47:48.359Z"}
{"level":"info","message":"Conexão com o banco de dados testada com sucesso","timestamp":"2025-04-20T19:47:49.826Z"}
{"level":"info","message":"Conexão com o banco de dados testada com sucesso","timestamp":"2025-04-20T19:49:53.057Z"}
{"level":"info","message":"Conexão com o banco de dados testada com sucesso","timestamp":"2025-04-20T19:49:53.087Z"}
{"level":"info","message":"🚀 Servidor rodando em http://localhost:4000","timestamp":"2025-04-20T19:49:53.109Z"}
{"level":"info","message":"🌍 Ambiente: development","timestamp":"2025-04-20T19:49:53.110Z"}
{"level":"info","message":"🔒 CORS configurado para: http://localhost:3000,http://localhost:4000,http://127.0.0.1:5500,http://127.0.0.1:5503","timestamp":"2025-04-20T19:49:53.111Z"}
{"level":"info","message":"Conexão com o banco de dados testada com sucesso","timestamp":"2025-04-20T19:50:41.291Z"}
{"level":"info","message":"Servidor rodando na porta 4000 em modo development","timestamp":"2025-04-20T19:50:41.311Z"}
{"level":"info","message":"Conexão com o banco de dados testada com sucesso","timestamp":"2025-04-20T19:50:46.664Z"}
{"level":"error","message":"Porta 4000 já está em uso. Tentando outra porta...","timestamp":"2025-04-20T19:50:46.683Z"}
{"level":"info","message":"Conexão com o banco de dados testada com sucesso","timestamp":"2025-04-20T19:50:55.815Z"}
{"level":"info","message":"Conexão com o banco de dados testada com sucesso","timestamp":"2025-04-20T19:52:18.973Z"}
{"level":"info","message":"Servidor rodando na porta 4000 em modo development","timestamp":"2025-04-20T19:52:19.000Z"}
{"level":"info","message":"Conexão com o banco de dados testada com sucesso","timestamp":"2025-04-20T19:53:42.776Z"}
{"level":"info","message":"Conexão com o banco de dados testada com sucesso","timestamp":"2025-04-20T19:54:04.014Z"}
{"level":"info","message":"Conexão com o banco de dados testada com sucesso","timestamp":"2025-04-20T19:54:17.952Z"}
{"level":"info","message":"Conexão com o banco de dados testada com sucesso","timestamp":"2025-04-20T20:04:18.482Z"}
{"level":"info","message":"Conexão com o banco de dados testada com sucesso","timestamp":"2025-04-20T20:04:26.669Z"}
{"level":"info","message":"Conexão com o banco de dados testada com sucesso","timestamp":"2025-04-20T20:12:44.229Z"}
{"level":"info","message":"Conexão com o banco de dados testada com sucesso","timestamp":"2025-04-20T20:12:44.658Z"}
{"level":"info","message":"Conexão com o banco de dados testada com sucesso","timestamp":"2025-04-20T20:12:45.215Z"}
{"level":"info","message":"Conexão com o banco de dados testada com sucesso","timestamp":"2025-04-20T20:12:59.238Z"}
{"level":"info","message":"Conexão com o banco de dados testada com sucesso","timestamp":"2025-04-20T20:13:05.809Z"}
{"level":"info","message":"Conexão com o banco de dados testada com sucesso","timestamp":"2025-04-20T20:13:17.304Z"}
{"level":"info","message":"Conexão com o banco de dados testada com sucesso","timestamp":"2025-04-20T20:14:09.718Z"}
{"level":"info","message":"Conexão com o banco de dados testada com sucesso","timestamp":"2025-04-20T20:14:15.474Z"}
{"level":"info","message":"Conexão com o banco de dados testada com sucesso","timestamp":"2025-04-20T20:14:29.192Z"}
{"level":"info","message":"Conexão com o banco de dados testada com sucesso","timestamp":"2025-04-20T20:16:47.941Z"}
{"level":"info","message":"Conexão com o banco de dados testada com sucesso","timestamp":"2025-04-20T20:16:56.319Z"}
{"level":"info","message":"Conexão com o banco de dados testada com sucesso","timestamp":"2025-04-20T20:16:56.806Z"}
{"level":"info","message":"Conexão com o banco de dados testada com sucesso","timestamp":"2025-04-20T20:16:57.948Z"}
{"level":"info","message":"Conexão com o banco de dados testada com sucesso","timestamp":"2025-04-20T20:16:58.313Z"}
{"level":"info","message":"Conexão com o banco de dados testada com sucesso","timestamp":"2025-04-20T20:16:58.907Z"}
{"level":"info","message":"Conexão com o banco de dados testada com sucesso","timestamp":"2025-04-20T20:16:59.273Z"}
{"level":"info","message":"Conexão com o banco de dados testada com sucesso","timestamp":"2025-04-20T20:16:59.937Z"}
{"level":"info","message":"Conexão com o banco de dados testada com sucesso","timestamp":"2025-04-20T20:17:00.370Z"}
{"level":"info","message":"Conexão com o banco de dados testada com sucesso","timestamp":"2025-04-20T20:17:00.969Z"}
{"level":"info","message":"Conexão com o banco de dados testada com sucesso","timestamp":"2025-04-20T20:17:01.246Z"}
{"level":"info","message":"Conexão com o banco de dados testada com sucesso","timestamp":"2025-04-20T20:17:01.822Z"}
{"level":"info","message":"Conexão com o banco de dados testada com sucesso","timestamp":"2025-04-20T20:17:02.097Z"}
{"level":"info","message":"Conexão com o banco de dados testada com sucesso","timestamp":"2025-04-20T20:17:02.698Z"}
{"level":"info","message":"Conexão com o banco de dados testada com sucesso","timestamp":"2025-04-20T20:17:02.929Z"}
{"level":"info","message":"Conexão com o banco de dados testada com sucesso","timestamp":"2025-04-20T20:17:03.552Z"}
{"level":"info","message":"Conexão com o banco de dados testada com sucesso","timestamp":"2025-04-20T20:17:03.913Z"}
{"level":"info","message":"Conexão com o banco de dados testada com sucesso","timestamp":"2025-04-20T20:17:04.496Z"}
{"level":"info","message":"Conexão com o banco de dados testada com sucesso","timestamp":"2025-04-20T20:17:04.811Z"}
{"level":"info","message":"Conexão com o banco de dados testada com sucesso","timestamp":"2025-04-20T20:17:05.378Z"}
{"level":"info","message":"Conexão com o banco de dados testada com sucesso","timestamp":"2025-04-20T20:17:05.673Z"}
{"level":"info","message":"Conexão com o banco de dados testada com sucesso","timestamp":"2025-04-20T20:17:06.264Z"}
{"level":"info","message":"Conexão com o banco de dados testada com sucesso","timestamp":"2025-04-20T20:17:06.583Z"}
{"level":"info","message":"Conexão com o banco de dados testada com sucesso","timestamp":"2025-04-20T20:17:07.178Z"}
{"level":"info","message":"Conexão com o banco de dados testada com sucesso","timestamp":"2025-04-20T20:17:07.490Z"}
{"level":"info","message":"Conexão com o banco de dados testada com sucesso","timestamp":"2025-04-20T20:17:08.050Z"}
{"level":"info","message":"Conexão com o banco de dados testada com sucesso","timestamp":"2025-04-20T20:17:08.360Z"}
{"level":"info","message":"Conexão com o banco de dados testada com sucesso","timestamp":"2025-04-20T20:17:08.951Z"}
{"level":"info","message":"Conexão com o banco de dados testada com sucesso","timestamp":"2025-04-20T20:17:09.225Z"}
{"level":"info","message":"Conexão com o banco de dados testada com sucesso","timestamp":"2025-04-20T20:17:09.830Z"}
{"level":"info","message":"Conexão com o banco de dados testada com sucesso","timestamp":"2025-04-20T20:17:10.081Z"}
{"level":"info","message":"Conexão com o banco de dados testada com sucesso","timestamp":"2025-04-20T20:17:15.392Z"}
{"level":"info","message":"Conexão com o banco de dados testada com sucesso","timestamp":"2025-04-20T20:18:09.374Z"}
{"level":"info","message":"Conexão com o banco de dados testada com sucesso","timestamp":"2025-04-20T20:21:34.734Z"}
{"level":"info","message":"Conexão com o banco de dados testada com sucesso","timestamp":"2025-04-20T20:23:10.240Z"}
{"level":"info","message":"Conexão com o banco de dados testada com sucesso","timestamp":"2025-04-20T20:23:50.106Z"}
{"level":"info","message":"Conexão com o banco de dados testada com sucesso","timestamp":"2025-04-20T20:23:50.212Z"}
{"level":"info","message":"Conexão com o banco de dados testada com sucesso","timestamp":"2025-04-20T20:23:50.635Z"}
{"level":"info","message":"Conexão com o banco de dados testada com sucesso","timestamp":"2025-04-20T20:23:50.734Z"}
